{"numFailedTestSuites":3,"numFailedTests":7,"numPassedTestSuites":5,"numPassedTests":120,"numPendingTestSuites":0,"numPendingTests":0,"numRuntimeErrorTestSuites":1,"numTodoTests":0,"numTotalTestSuites":8,"numTotalTests":127,"openHandles":[],"snapshot":{"added":0,"didUpdate":false,"failure":false,"filesAdded":0,"filesRemoved":0,"filesRemovedList":[],"filesUnmatched":0,"filesUpdated":0,"matched":0,"total":0,"unchecked":0,"uncheckedKeysByFile":[],"unmatched":0,"updated":0},"startTime":1750979778702,"success":false,"testResults":[{"assertionResults":[],"coverage":{},"endTime":1750979796567,"message":"  \u001b[1m● \u001b[22mTest suite failed to run\n\n    TypeError: Cannot read properties of undefined (reading 'interceptors')\n\n    \u001b[0m \u001b[90m 15 |\u001b[39m\n     \u001b[90m 16 |\u001b[39m \u001b[90m// Add token to requests if it exists\u001b[39m\n    \u001b[31m\u001b[1m>\u001b[22m\u001b[39m\u001b[90m 17 |\u001b[39m api\u001b[33m.\u001b[39minterceptors\u001b[33m.\u001b[39mrequest\u001b[33m.\u001b[39muse(\n     \u001b[90m    |\u001b[39m     \u001b[31m\u001b[1m^\u001b[22m\u001b[39m\n     \u001b[90m 18 |\u001b[39m     (config) \u001b[33m=>\u001b[39m {\n     \u001b[90m 19 |\u001b[39m         \u001b[36mconst\u001b[39m token \u001b[33m=\u001b[39m localStorage\u001b[33m.\u001b[39mgetItem(\u001b[32m'token'\u001b[39m)\u001b[33m;\u001b[39m\n     \u001b[90m 20 |\u001b[39m         \u001b[36mif\u001b[39m (token) {\u001b[0m\n\n      \u001b[2mat Object.<anonymous> (\u001b[22msrc/contexts/AuthContext.js\u001b[2m:17:5)\u001b[22m\n      \u001b[2mat Object.<anonymous> (\u001b[22m\u001b[0m\u001b[36msrc/contexts/AuthContext.test.js\u001b[39m\u001b[0m\u001b[2m:5:1)\u001b[22m\n","name":"/Users/sergioabad/Desktop/PDFs_To_Check/Book_Full_Stack_React_Projects/Cursor_CH3_Full_Stack_React_Projects/client/src/contexts/AuthContext.test.js","startTime":1750979796567,"status":"failed","summary":""},{"assertionResults":[{"ancestorTitles":["LoadingSpinner Component","Default Rendering"],"failureMessages":[],"fullName":"LoadingSpinner Component Default Rendering should render loading spinner with default message","location":null,"status":"passed","title":"should render loading spinner with default message"},{"ancestorTitles":["LoadingSpinner Component","Default Rendering"],"failureMessages":[],"fullName":"LoadingSpinner Component Default Rendering should render circular progress indicator","location":null,"status":"passed","title":"should render circular progress indicator"},{"ancestorTitles":["LoadingSpinner Component","Default Rendering"],"failureMessages":[],"fullName":"LoadingSpinner Component Default Rendering should have proper container structure","location":null,"status":"passed","title":"should have proper container structure"},{"ancestorTitles":["LoadingSpinner Component","Custom Message"],"failureMessages":[],"fullName":"LoadingSpinner Component Custom Message should render with custom message","location":null,"status":"passed","title":"should render with custom message"},{"ancestorTitles":["LoadingSpinner Component","Custom Message"],"failureMessages":[],"fullName":"LoadingSpinner Component Custom Message should handle empty message","location":null,"status":"passed","title":"should handle empty message"},{"ancestorTitles":["LoadingSpinner Component","Custom Message"],"failureMessages":[],"fullName":"LoadingSpinner Component Custom Message should handle null message","location":null,"status":"passed","title":"should handle null message"},{"ancestorTitles":["LoadingSpinner Component","Component Structure"],"failureMessages":[],"fullName":"LoadingSpinner Component Component Structure should have proper flex layout","location":null,"status":"passed","title":"should have proper flex layout"},{"ancestorTitles":["LoadingSpinner Component","Component Structure"],"failureMessages":[],"fullName":"LoadingSpinner Component Component Structure should have proper spacing between elements","location":null,"status":"passed","title":"should have proper spacing between elements"},{"ancestorTitles":["LoadingSpinner Component","Component Structure"],"failureMessages":[],"fullName":"LoadingSpinner Component Component Structure should have minimum height for proper centering","location":null,"status":"passed","title":"should have minimum height for proper centering"},{"ancestorTitles":["LoadingSpinner Component","Accessibility"],"failureMessages":[],"fullName":"LoadingSpinner Component Accessibility should have proper ARIA attributes","location":null,"status":"passed","title":"should have proper ARIA attributes"},{"ancestorTitles":["LoadingSpinner Component","Accessibility"],"failureMessages":[],"fullName":"LoadingSpinner Component Accessibility should have proper semantic structure","location":null,"status":"passed","title":"should have proper semantic structure"},{"ancestorTitles":["LoadingSpinner Component","Theme Integration"],"failureMessages":[],"fullName":"LoadingSpinner Component Theme Integration should use theme colors","location":null,"status":"passed","title":"should use theme colors"},{"ancestorTitles":["LoadingSpinner Component","Theme Integration"],"failureMessages":[],"fullName":"LoadingSpinner Component Theme Integration should use theme typography","location":null,"status":"passed","title":"should use theme typography"},{"ancestorTitles":["LoadingSpinner Component","Responsive Design"],"failureMessages":[],"fullName":"LoadingSpinner Component Responsive Design should render on different screen sizes","location":null,"status":"passed","title":"should render on different screen sizes"},{"ancestorTitles":["LoadingSpinner Component","Responsive Design"],"failureMessages":[],"fullName":"LoadingSpinner Component Responsive Design should maintain centering on mobile","location":null,"status":"passed","title":"should maintain centering on mobile"},{"ancestorTitles":["LoadingSpinner Component","Props Handling"],"failureMessages":[],"fullName":"LoadingSpinner Component Props Handling should handle undefined props gracefully","location":null,"status":"passed","title":"should handle undefined props gracefully"},{"ancestorTitles":["LoadingSpinner Component","Props Handling"],"failureMessages":[],"fullName":"LoadingSpinner Component Props Handling should handle null props gracefully","location":null,"status":"passed","title":"should handle null props gracefully"},{"ancestorTitles":["LoadingSpinner Component","Props Handling"],"failureMessages":[],"fullName":"LoadingSpinner Component Props Handling should handle additional props","location":null,"status":"passed","title":"should handle additional props"},{"ancestorTitles":["LoadingSpinner Component","Performance"],"failureMessages":[],"fullName":"LoadingSpinner Component Performance should render quickly","location":null,"status":"passed","title":"should render quickly"},{"ancestorTitles":["LoadingSpinner Component","Performance"],"failureMessages":[],"fullName":"LoadingSpinner Component Performance should not cause memory leaks","location":null,"status":"passed","title":"should not cause memory leaks"}],"endTime":1750979782465,"message":"","name":"/Users/sergioabad/Desktop/PDFs_To_Check/Book_Full_Stack_React_Projects/Cursor_CH3_Full_Stack_React_Projects/client/src/components/common/LoadingSpinner.test.js","startTime":1750979779993,"status":"passed","summary":""},{"assertionResults":[{"ancestorTitles":[],"failureMessages":["TestingLibraryElementError: Unable to find an element with the text: /learn react/i. This could be because the text is broken up by multiple elements. In this case, you can provide a function for your text matcher to make your matcher more flexible.\n\nIgnored nodes: comments, script, style\n\u001b[36m<body>\u001b[39m\n  \u001b[36m<div>\u001b[39m\n    \u001b[36m<div\u001b[39m\n      \u001b[33mclass\u001b[39m=\u001b[32m\"MuiBox-root css-zf0iqh\"\u001b[39m\n    \u001b[36m>\u001b[39m\n      \u001b[36m<header\u001b[39m\n        \u001b[33mclass\u001b[39m=\u001b[32m\"MuiPaper-root MuiPaper-elevation MuiPaper-elevation4 MuiAppBar-root MuiAppBar-colorPrimary MuiAppBar-positionStatic css-ptdwpq-MuiPaper-root-MuiAppBar-root\"\u001b[39m\n        \u001b[33mstyle\u001b[39m=\u001b[32m\"--Paper-shadow: 0px 2px 4px -1px rgba(0,0,0,0.2),0px 4px 5px 0px rgba(0,0,0,0.14),0px 1px 10px 0px rgba(0,0,0,0.12);\"\u001b[39m\n      \u001b[36m>\u001b[39m\n        \u001b[36m<div\u001b[39m\n          \u001b[33mclass\u001b[39m=\u001b[32m\"MuiToolbar-root MuiToolbar-gutters MuiToolbar-regular css-1ygil4i-MuiToolbar-root\"\u001b[39m\n        \u001b[36m>\u001b[39m\n          \u001b[36m<a\u001b[39m\n            \u001b[33mclass\u001b[39m=\u001b[32m\"MuiTypography-root MuiTypography-h6 css-78vawv-MuiTypography-root\"\u001b[39m\n            \u001b[33mhref\u001b[39m=\u001b[32m\"/\"\u001b[39m\n          \u001b[36m>\u001b[39m\n            \u001b[0mMERN App\u001b[0m\n          \u001b[36m</a>\u001b[39m\n          \u001b[36m<a\u001b[39m\n            \u001b[33mclass\u001b[39m=\u001b[32m\"MuiButtonBase-root MuiButton-root MuiButton-text MuiButton-textInherit MuiButton-sizeMedium MuiButton-textSizeMedium MuiButton-colorInherit MuiButton-root MuiButton-text MuiButton-textInherit MuiButton-sizeMedium MuiButton-textSizeMedium MuiButton-colorInherit css-plnrbk-MuiButtonBase-root-MuiButton-root\"\u001b[39m\n            \u001b[33mhref\u001b[39m=\u001b[32m\"/login\"\u001b[39m\n            \u001b[33mtabindex\u001b[39m=\u001b[32m\"0\"\u001b[39m\n          \u001b[36m>\u001b[39m\n            \u001b[36m<span\u001b[39m\n              \u001b[33mclass\u001b[39m=\u001b[32m\"MuiButton-icon MuiButton-startIcon MuiButton-iconSizeMedium css-1sh91j5-MuiButton-startIcon\"\u001b[39m\n            \u001b[36m>\u001b[39m\n              \u001b[36m<svg\u001b[39m\n                \u001b[33maria-hidden\u001b[39m=\u001b[32m\"true\"\u001b[39m\n                \u001b[33mclass\u001b[39m=\u001b[32m\"MuiSvgIcon-root MuiSvgIcon-fontSizeMedium css-1umw9bq-MuiSvgIcon-root\"\u001b[39m\n                \u001b[33mdata-testid\u001b[39m=\u001b[32m\"LoginIcon\"\u001b[39m\n                \u001b[33mfocusable\u001b[39m=\u001b[32m\"false\"\u001b[39m\n                \u001b[33mviewBox\u001b[39m=\u001b[32m\"0 0 24 24\"\u001b[39m\n              \u001b[36m>\u001b[39m\n                \u001b[36m<path\u001b[39m\n                  \u001b[33md\u001b[39m=\u001b[32m\"M11 7 9.6 8.4l2.6 2.6H2v2h10.2l-2.6 2.6L11 17l5-5zm9 12h-8v2h8c1.1 0 2-.9 2-2V5c0-1.1-.9-2-2-2h-8v2h8z\"\u001b[39m\n                \u001b[36m/>\u001b[39m\n              \u001b[36m</svg>\u001b[39m\n            \u001b[36m</span>\u001b[39m\n            \u001b[0mLogin\u001b[0m\n          \u001b[36m</a>\u001b[39m\n          \u001b[36m<a\u001b[39m\n            \u001b[33mclass\u001b[39m=\u001b[32m\"MuiButtonBase-root MuiButton-root MuiButton-text MuiButton-textInherit MuiButton-sizeMedium MuiButton-textSizeMedium MuiButton-colorInherit MuiButton-root MuiButton-text MuiButton-textInherit MuiButton-sizeMedium MuiButton-textSizeMedium MuiButton-colorInherit css-plnrbk-MuiButtonBase-root-MuiButton-root\"\u001b[39m\n            \u001b[33mhref\u001b[39m=\u001b[32m\"/register\"\u001b[39m\n            \u001b[33mtabindex\u001b[39m=\u001b[32m\"0\"\u001b[39m\n          \u001b[36m>\u001b[39m\n            \u001b[36m<span\u001b[39m\n              \u001b[33mclass\u001b[39m=\u001b[32m\"MuiButton-icon MuiButton-startIcon MuiButton-iconSizeMedium css-1sh91j5-MuiButton-startIcon\"\u001b[39m\n            \u001b[36m>\u001b[39m\n              \u001b[36m<svg\u001b[39m\n                \u001b[33maria-hidden\u001b[39m=\u001b[32m\"true\"\u001b[39m\n                \u001b[33mclass\u001b[39m=\u001b[32m\"MuiSvgIcon-root MuiSvgIcon-fontSizeMedium css-1umw9bq-MuiSvgIcon-root\"\u001b[39m\n                \u001b[33mdata-testid\u001b[39m=\u001b[32m\"PersonAddIcon\"\u001b[39m\n                \u001b[33mfocusable\u001b[39m=\u001b[32m\"false\"\u001b[39m\n                \u001b[33mviewBox\u001b[39m=\u001b[32m\"0 0 24 24\"\u001b[39m\n              \u001b[36m>\u001b[39m\n                \u001b[36m<path\u001b[39m\n                  \u001b[33md\u001b[39m=\u001b[32m\"M15 12c2.21 0 4-1.79 4-4s-1.79-4-4-4-4 1.79-4 4 1.79 4 4 4m-9-2V7H4v3H1v2h3v3h2v-3h3v-2zm9 4c-2.67 0-8 1.34-8 4v2h16v-2c0-2.66-5.33-4-8-4\"\u001b[39m\n                \u001b[36m/>\u001b[39m\n              \u001b[36m</svg>\u001b[39m\n            \u001b[36m</span>\u001b[39m\n            \u001b[0mRegister\u001b[0m\n          \u001b[36m</a>\u001b[39m\n        \u001b[36m</div>\u001b[39m\n      \u001b[36m</header>\u001b[39m\n      \u001b[36m<main\u001b[39m\n        \u001b[33mclass\u001b[39m=\u001b[32m\"MuiBox-root css-1yy1d7t\"\u001b[39m\n      \u001b[36m>\u001b[39m\n        \u001b[36m<main\u001b[39m\n          \u001b[33mclass\u001b[39m=\u001b[32m\"MuiContainer-root MuiContainer-maxWidthLg css-5c1adp-MuiContainer-root\"\u001b[39m\n          \u001b[33mrole\u001b[39m=\u001b[32m\"main\"\u001b[39m\n        \u001b[36m>\u001b[39m\n          \u001b[36m<div\u001b[39m\n            \u001b[33mclass\u001b[39m=\u001b[32m\"MuiBox-root css-1hg20ng\"\u001b[39m\n          \u001b[36m>\u001b[39m\n            \u001b[36m<svg\u001b[39m\n              \u001b[33maria-hidden\u001b[39m=\u001b[32m\"true\"\u001b[39m\n              \u001b[33mclass\u001b[39m=\u001b[32m\"MuiSvgIcon-root MuiSvgIcon-fontSizeMedium css-1wexnva-MuiSvgIcon-root\"\u001b[39m\n              \u001b[33mdata-testid\u001b[39m=\u001b[32m\"HomeIcon\"\u001b[39m\n              \u001b[33mfocusable\u001b[39m=\u001b[32m\"false\"\u001b[39m\n              \u001b[33mviewBox\u001b[39m=\u001b[32m\"0 0 24 24\"\u001b[39m\n            \u001b[36m>\u001b[39m\n              \u001b[36m<path\u001b[39m\n                \u001b[33md\u001b[39m=\u001b[32m\"M10 20v-6h4v6h5v-8h3L12 3 2 12h3v8z\"\u001b[39m\n              \u001b[36m/>\u001b[39m\n            \u001b[36m</svg>\u001b[39m\n            \u001b[36m<h1\u001b[39m\n              \u001b[33mclass\u001b[39m=\u001b[32m\"MuiTypography-root MuiTypography-h2 MuiTypography-gutterBottom css-1lcbsct-MuiTypography-root\"\u001b[39m\n            \u001b[36m>\u001b[39m\n              \u001b[0mWelcome to MERN Stack App\u001b[0m\n            \u001b[36m</h1>\u001b[39m\n            \u001b[36m<p\u001b[39m\n              \u001b[33mclass\u001b[39m=\u001b[32m\"MuiTypography-root MuiTypography-h5 MuiTypography-paragraph css-1sdms8c-MuiTypography-root\"\u001b[39m\n            \u001b[36m>\u001b[39m\n              \u001b[0mA full-stack web application built with MongoDB, Express, React, and Node.js\u001b[0m\n            \u001b[36m</p>\u001b[39m\n            \u001b[36m<div\u001b[39m\n              \u001b[33mclass\u001b[39m=\u001b[32m\"MuiBox-root css-h5fkc8\"\u001b[39m\n            \u001b[36m>\u001b[39m\n              \u001b[36m<a\u001b[39m\n                \u001b[33mclass\u001b[39m=\u001b[32m\"MuiButtonBase-root MuiButton-root MuiButton-contained MuiButton-containedPrimary MuiButton-sizeLarge MuiButton-containedSizeLarge MuiButton-colorPrimary MuiButton-root MuiButton-contained MuiButton-containedPrimary MuiButton-sizeLarge MuiButton-containedSizeLarge MuiButton-colorPrimary css-1rpvx2p-MuiButtonBase-root-MuiButton-root\"\u001b[39m\n                \u001b[33mhref\u001b[39m=\u001b[32m\"/register\"\u001b[39m\n                \u001b[33mrole\u001b[39m=\u001b[32m\"button\"\u001b[39m\n                \u001b[33mtabindex\u001b[39m=\u001b[32m\"0\"\u001b[39m\n              \u001b[36m>\u001b[39m\n                \u001b[36m<span\u001b[39m\n                  \u001b[33mclass\u001b[39m=\u001b[32m\"MuiButton-icon MuiButton-startIcon MuiButton-iconSizeLarge css-hev6se-MuiButton-startIcon\"\u001b[39m\n                \u001b[36m>\u001b[39m\n                  \u001b[36m<svg\u001b[39m\n                    \u001b[33maria-hidden\u001b[39m=\u001b[32m\"true\"\u001b[39m\n                    \u001b[33mclass\u001b[39m=\u001b[32m\"MuiSvgIcon-root MuiSvgIcon-fontSizeMedium css-1umw9bq-MuiSvgIcon-root\"\u001b[39m\n                    \u001b[33mdata-testid\u001b[39m=\u001b[32m\"PersonAddIcon\"\u001b[39m\n                    \u001b[33mfocusable\u001b[39m=\u001b[32m\"false\"\u001b[39m\n                    \u001b[33mviewBox\u001b[39m=\u001b[32m\"0 0 24 24\"\u001b[39m\n                  \u001b[36m>\u001b[39m\n                    \u001b[36m<path\u001b[39m\n                      \u001b[33md\u001b[39m=\u001b[32m\"M15 12c2.21 0 4-1.79 4-4s-1.79-4-4-4-4 1.79-4 4 1.79 4 4 4m-9-2V7H4v3H1v2h3v3h2v-3h3v-2zm9 4c-2.67 0-8 1.34-8 4v2h16v-2c0-2.66-5.33-4-8-4\"\u001b[39m\n                    \u001b[36m/>\u001b[39m\n                  \u001b[36m</svg>\u001b[39m\n                \u001b[36m</span>\u001b[39m\n                \u001b[0mGet Started\u001b[0m\n              \u001b[36m</a>\u001b[3...\n    at Object.getElementError (/Users/sergioabad/Desktop/PDFs_To_Check/Book_Full_Stack_React_Projects/Cursor_CH3_Full_Stack_React_Projects/client/node_modules/@testing-library/dom/dist/config.js:37:19)\n    at /Users/sergioabad/Desktop/PDFs_To_Check/Book_Full_Stack_React_Projects/Cursor_CH3_Full_Stack_React_Projects/client/node_modules/@testing-library/dom/dist/query-helpers.js:76:38\n    at /Users/sergioabad/Desktop/PDFs_To_Check/Book_Full_Stack_React_Projects/Cursor_CH3_Full_Stack_React_Projects/client/node_modules/@testing-library/dom/dist/query-helpers.js:52:17\n    at getByText (/Users/sergioabad/Desktop/PDFs_To_Check/Book_Full_Stack_React_Projects/Cursor_CH3_Full_Stack_React_Projects/client/node_modules/@testing-library/dom/dist/query-helpers.js:95:19)\n    at Object.<anonymous> (/Users/sergioabad/Desktop/PDFs_To_Check/Book_Full_Stack_React_Projects/Cursor_CH3_Full_Stack_React_Projects/client/src/App.test.js:6:30)\n    at Promise.then.completed (/Users/sergioabad/Desktop/PDFs_To_Check/Book_Full_Stack_React_Projects/Cursor_CH3_Full_Stack_React_Projects/client/node_modules/jest-circus/build/utils.js:391:28)\n    at new Promise (<anonymous>)\n    at callAsyncCircusFn (/Users/sergioabad/Desktop/PDFs_To_Check/Book_Full_Stack_React_Projects/Cursor_CH3_Full_Stack_React_Projects/client/node_modules/jest-circus/build/utils.js:316:10)\n    at _callCircusTest (/Users/sergioabad/Desktop/PDFs_To_Check/Book_Full_Stack_React_Projects/Cursor_CH3_Full_Stack_React_Projects/client/node_modules/jest-circus/build/run.js:218:40)\n    at processTicksAndRejections (node:internal/process/task_queues:105:5)\n    at _runTest (/Users/sergioabad/Desktop/PDFs_To_Check/Book_Full_Stack_React_Projects/Cursor_CH3_Full_Stack_React_Projects/client/node_modules/jest-circus/build/run.js:155:3)\n    at _runTestsForDescribeBlock (/Users/sergioabad/Desktop/PDFs_To_Check/Book_Full_Stack_React_Projects/Cursor_CH3_Full_Stack_React_Projects/client/node_modules/jest-circus/build/run.js:66:9)\n    at run (/Users/sergioabad/Desktop/PDFs_To_Check/Book_Full_Stack_React_Projects/Cursor_CH3_Full_Stack_React_Projects/client/node_modules/jest-circus/build/run.js:25:3)\n    at runAndTransformResultsToJestFormat (/Users/sergioabad/Desktop/PDFs_To_Check/Book_Full_Stack_React_Projects/Cursor_CH3_Full_Stack_React_Projects/client/node_modules/jest-circus/build/legacy-code-todo-rewrite/jestAdapterInit.js:170:21)\n    at jestAdapter (/Users/sergioabad/Desktop/PDFs_To_Check/Book_Full_Stack_React_Projects/Cursor_CH3_Full_Stack_React_Projects/client/node_modules/jest-circus/build/legacy-code-todo-rewrite/jestAdapter.js:82:19)\n    at runTestInternal (/Users/sergioabad/Desktop/PDFs_To_Check/Book_Full_Stack_React_Projects/Cursor_CH3_Full_Stack_React_Projects/client/node_modules/jest-runner/build/runTest.js:389:16)\n    at runTest (/Users/sergioabad/Desktop/PDFs_To_Check/Book_Full_Stack_React_Projects/Cursor_CH3_Full_Stack_React_Projects/client/node_modules/jest-runner/build/runTest.js:475:34)\n    at Object.worker (/Users/sergioabad/Desktop/PDFs_To_Check/Book_Full_Stack_React_Projects/Cursor_CH3_Full_Stack_React_Projects/client/node_modules/jest-runner/build/testWorker.js:133:12)"],"fullName":"renders learn react link","location":null,"status":"failed","title":"renders learn react link"}],"endTime":1750979789886,"message":"\u001b[1m\u001b[31m  \u001b[1m● \u001b[22m\u001b[1mrenders learn react link\u001b[39m\u001b[22m\n\n    TestingLibraryElementError: Unable to find an element with the text: /learn react/i. This could be because the text is broken up by multiple elements. In this case, you can provide a function for your text matcher to make your matcher more flexible.\n\n    Ignored nodes: comments, script, style\n    \u001b[36m<body>\u001b[39m\n      \u001b[36m<div>\u001b[39m\n        \u001b[36m<div\u001b[39m\n          \u001b[33mclass\u001b[39m=\u001b[32m\"MuiBox-root css-zf0iqh\"\u001b[39m\n        \u001b[36m>\u001b[39m\n          \u001b[36m<header\u001b[39m\n            \u001b[33mclass\u001b[39m=\u001b[32m\"MuiPaper-root MuiPaper-elevation MuiPaper-elevation4 MuiAppBar-root MuiAppBar-colorPrimary MuiAppBar-positionStatic css-ptdwpq-MuiPaper-root-MuiAppBar-root\"\u001b[39m\n            \u001b[33mstyle\u001b[39m=\u001b[32m\"--Paper-shadow: 0px 2px 4px -1px rgba(0,0,0,0.2),0px 4px 5px 0px rgba(0,0,0,0.14),0px 1px 10px 0px rgba(0,0,0,0.12);\"\u001b[39m\n          \u001b[36m>\u001b[39m\n            \u001b[36m<div\u001b[39m\n              \u001b[33mclass\u001b[39m=\u001b[32m\"MuiToolbar-root MuiToolbar-gutters MuiToolbar-regular css-1ygil4i-MuiToolbar-root\"\u001b[39m\n            \u001b[36m>\u001b[39m\n              \u001b[36m<a\u001b[39m\n                \u001b[33mclass\u001b[39m=\u001b[32m\"MuiTypography-root MuiTypography-h6 css-78vawv-MuiTypography-root\"\u001b[39m\n                \u001b[33mhref\u001b[39m=\u001b[32m\"/\"\u001b[39m\n              \u001b[36m>\u001b[39m\n                \u001b[0mMERN App\u001b[0m\n              \u001b[36m</a>\u001b[39m\n              \u001b[36m<a\u001b[39m\n                \u001b[33mclass\u001b[39m=\u001b[32m\"MuiButtonBase-root MuiButton-root MuiButton-text MuiButton-textInherit MuiButton-sizeMedium MuiButton-textSizeMedium MuiButton-colorInherit MuiButton-root MuiButton-text MuiButton-textInherit MuiButton-sizeMedium MuiButton-textSizeMedium MuiButton-colorInherit css-plnrbk-MuiButtonBase-root-MuiButton-root\"\u001b[39m\n                \u001b[33mhref\u001b[39m=\u001b[32m\"/login\"\u001b[39m\n                \u001b[33mtabindex\u001b[39m=\u001b[32m\"0\"\u001b[39m\n              \u001b[36m>\u001b[39m\n                \u001b[36m<span\u001b[39m\n                  \u001b[33mclass\u001b[39m=\u001b[32m\"MuiButton-icon MuiButton-startIcon MuiButton-iconSizeMedium css-1sh91j5-MuiButton-startIcon\"\u001b[39m\n                \u001b[36m>\u001b[39m\n                  \u001b[36m<svg\u001b[39m\n                    \u001b[33maria-hidden\u001b[39m=\u001b[32m\"true\"\u001b[39m\n                    \u001b[33mclass\u001b[39m=\u001b[32m\"MuiSvgIcon-root MuiSvgIcon-fontSizeMedium css-1umw9bq-MuiSvgIcon-root\"\u001b[39m\n                    \u001b[33mdata-testid\u001b[39m=\u001b[32m\"LoginIcon\"\u001b[39m\n                    \u001b[33mfocusable\u001b[39m=\u001b[32m\"false\"\u001b[39m\n                    \u001b[33mviewBox\u001b[39m=\u001b[32m\"0 0 24 24\"\u001b[39m\n                  \u001b[36m>\u001b[39m\n                    \u001b[36m<path\u001b[39m\n                      \u001b[33md\u001b[39m=\u001b[32m\"M11 7 9.6 8.4l2.6 2.6H2v2h10.2l-2.6 2.6L11 17l5-5zm9 12h-8v2h8c1.1 0 2-.9 2-2V5c0-1.1-.9-2-2-2h-8v2h8z\"\u001b[39m\n                    \u001b[36m/>\u001b[39m\n                  \u001b[36m</svg>\u001b[39m\n                \u001b[36m</span>\u001b[39m\n                \u001b[0mLogin\u001b[0m\n              \u001b[36m</a>\u001b[39m\n              \u001b[36m<a\u001b[39m\n                \u001b[33mclass\u001b[39m=\u001b[32m\"MuiButtonBase-root MuiButton-root MuiButton-text MuiButton-textInherit MuiButton-sizeMedium MuiButton-textSizeMedium MuiButton-colorInherit MuiButton-root MuiButton-text MuiButton-textInherit MuiButton-sizeMedium MuiButton-textSizeMedium MuiButton-colorInherit css-plnrbk-MuiButtonBase-root-MuiButton-root\"\u001b[39m\n                \u001b[33mhref\u001b[39m=\u001b[32m\"/register\"\u001b[39m\n                \u001b[33mtabindex\u001b[39m=\u001b[32m\"0\"\u001b[39m\n              \u001b[36m>\u001b[39m\n                \u001b[36m<span\u001b[39m\n                  \u001b[33mclass\u001b[39m=\u001b[32m\"MuiButton-icon MuiButton-startIcon MuiButton-iconSizeMedium css-1sh91j5-MuiButton-startIcon\"\u001b[39m\n                \u001b[36m>\u001b[39m\n                  \u001b[36m<svg\u001b[39m\n                    \u001b[33maria-hidden\u001b[39m=\u001b[32m\"true\"\u001b[39m\n                    \u001b[33mclass\u001b[39m=\u001b[32m\"MuiSvgIcon-root MuiSvgIcon-fontSizeMedium css-1umw9bq-MuiSvgIcon-root\"\u001b[39m\n                    \u001b[33mdata-testid\u001b[39m=\u001b[32m\"PersonAddIcon\"\u001b[39m\n                    \u001b[33mfocusable\u001b[39m=\u001b[32m\"false\"\u001b[39m\n                    \u001b[33mviewBox\u001b[39m=\u001b[32m\"0 0 24 24\"\u001b[39m\n                  \u001b[36m>\u001b[39m\n                    \u001b[36m<path\u001b[39m\n                      \u001b[33md\u001b[39m=\u001b[32m\"M15 12c2.21 0 4-1.79 4-4s-1.79-4-4-4-4 1.79-4 4 1.79 4 4 4m-9-2V7H4v3H1v2h3v3h2v-3h3v-2zm9 4c-2.67 0-8 1.34-8 4v2h16v-2c0-2.66-5.33-4-8-4\"\u001b[39m\n                    \u001b[36m/>\u001b[39m\n                  \u001b[36m</svg>\u001b[39m\n                \u001b[36m</span>\u001b[39m\n                \u001b[0mRegister\u001b[0m\n              \u001b[36m</a>\u001b[39m\n            \u001b[36m</div>\u001b[39m\n          \u001b[36m</header>\u001b[39m\n          \u001b[36m<main\u001b[39m\n            \u001b[33mclass\u001b[39m=\u001b[32m\"MuiBox-root css-1yy1d7t\"\u001b[39m\n          \u001b[36m>\u001b[39m\n            \u001b[36m<main\u001b[39m\n              \u001b[33mclass\u001b[39m=\u001b[32m\"MuiContainer-root MuiContainer-maxWidthLg css-5c1adp-MuiContainer-root\"\u001b[39m\n              \u001b[33mrole\u001b[39m=\u001b[32m\"main\"\u001b[39m\n            \u001b[36m>\u001b[39m\n              \u001b[36m<div\u001b[39m\n                \u001b[33mclass\u001b[39m=\u001b[32m\"MuiBox-root css-1hg20ng\"\u001b[39m\n              \u001b[36m>\u001b[39m\n                \u001b[36m<svg\u001b[39m\n                  \u001b[33maria-hidden\u001b[39m=\u001b[32m\"true\"\u001b[39m\n                  \u001b[33mclass\u001b[39m=\u001b[32m\"MuiSvgIcon-root MuiSvgIcon-fontSizeMedium css-1wexnva-MuiSvgIcon-root\"\u001b[39m\n                  \u001b[33mdata-testid\u001b[39m=\u001b[32m\"HomeIcon\"\u001b[39m\n                  \u001b[33mfocusable\u001b[39m=\u001b[32m\"false\"\u001b[39m\n                  \u001b[33mviewBox\u001b[39m=\u001b[32m\"0 0 24 24\"\u001b[39m\n                \u001b[36m>\u001b[39m\n                  \u001b[36m<path\u001b[39m\n                    \u001b[33md\u001b[39m=\u001b[32m\"M10 20v-6h4v6h5v-8h3L12 3 2 12h3v8z\"\u001b[39m\n                  \u001b[36m/>\u001b[39m\n                \u001b[36m</svg>\u001b[39m\n                \u001b[36m<h1\u001b[39m\n                  \u001b[33mclass\u001b[39m=\u001b[32m\"MuiTypography-root MuiTypography-h2 MuiTypography-gutterBottom css-1lcbsct-MuiTypography-root\"\u001b[39m\n                \u001b[36m>\u001b[39m\n                  \u001b[0mWelcome to MERN Stack App\u001b[0m\n                \u001b[36m</h1>\u001b[39m\n                \u001b[36m<p\u001b[39m\n                  \u001b[33mclass\u001b[39m=\u001b[32m\"MuiTypography-root MuiTypography-h5 MuiTypography-paragraph css-1sdms8c-MuiTypography-root\"\u001b[39m\n                \u001b[36m>\u001b[39m\n                  \u001b[0mA full-stack web application built with MongoDB, Express, React, and Node.js\u001b[0m\n                \u001b[36m</p>\u001b[39m\n                \u001b[36m<div\u001b[39m\n                  \u001b[33mclass\u001b[39m=\u001b[32m\"MuiBox-root css-h5fkc8\"\u001b[39m\n                \u001b[36m>\u001b[39m\n                  \u001b[36m<a\u001b[39m\n                    \u001b[33mclass\u001b[39m=\u001b[32m\"MuiButtonBase-root MuiButton-root MuiButton-contained MuiButton-containedPrimary MuiButton-sizeLarge MuiButton-containedSizeLarge MuiButton-colorPrimary MuiButton-root MuiButton-contained MuiButton-containedPrimary MuiButton-sizeLarge MuiButton-containedSizeLarge MuiButton-colorPrimary css-1rpvx2p-MuiButtonBase-root-MuiButton-root\"\u001b[39m\n                    \u001b[33mhref\u001b[39m=\u001b[32m\"/register\"\u001b[39m\n                    \u001b[33mrole\u001b[39m=\u001b[32m\"button\"\u001b[39m\n                    \u001b[33mtabindex\u001b[39m=\u001b[32m\"0\"\u001b[39m\n                  \u001b[36m>\u001b[39m\n                    \u001b[36m<span\u001b[39m\n                      \u001b[33mclass\u001b[39m=\u001b[32m\"MuiButton-icon MuiButton-startIcon MuiButton-iconSizeLarge css-hev6se-MuiButton-startIcon\"\u001b[39m\n                    \u001b[36m>\u001b[39m\n                      \u001b[36m<svg\u001b[39m\n                        \u001b[33maria-hidden\u001b[39m=\u001b[32m\"true\"\u001b[39m\n                        \u001b[33mclass\u001b[39m=\u001b[32m\"MuiSvgIcon-root MuiSvgIcon-fontSizeMedium css-1umw9bq-MuiSvgIcon-root\"\u001b[39m\n                        \u001b[33mdata-testid\u001b[39m=\u001b[32m\"PersonAddIcon\"\u001b[39m\n                        \u001b[33mfocusable\u001b[39m=\u001b[32m\"false\"\u001b[39m\n                        \u001b[33mviewBox\u001b[39m=\u001b[32m\"0 0 24 24\"\u001b[39m\n                      \u001b[36m>\u001b[39m\n                        \u001b[36m<path\u001b[39m\n                          \u001b[33md\u001b[39m=\u001b[32m\"M15 12c2.21 0 4-1.79 4-4s-1.79-4-4-4-4 1.79-4 4 1.79 4 4 4m-9-2V7H4v3H1v2h3v3h2v-3h3v-2zm9 4c-2.67 0-8 1.34-8 4v2h16v-2c0-2.66-5.33-4-8-4\"\u001b[39m\n                        \u001b[36m/>\u001b[39m\n                      \u001b[36m</svg>\u001b[39m\n                    \u001b[36m</span>\u001b[39m\n                    \u001b[0mGet Started\u001b[0m\n                  \u001b[36m</a>\u001b[3...\n\u001b[2m\u001b[22m\n\u001b[2m    \u001b[0m \u001b[90m 4 |\u001b[39m test(\u001b[32m'renders learn react link'\u001b[39m\u001b[33m,\u001b[39m () \u001b[33m=>\u001b[39m {\u001b[22m\n\u001b[2m     \u001b[90m 5 |\u001b[39m   render(\u001b[33m<\u001b[39m\u001b[33mApp\u001b[39m \u001b[33m/\u001b[39m\u001b[33m>\u001b[39m)\u001b[33m;\u001b[39m\u001b[22m\n\u001b[2m    \u001b[31m\u001b[1m>\u001b[22m\u001b[2m\u001b[39m\u001b[90m 6 |\u001b[39m   \u001b[36mconst\u001b[39m linkElement \u001b[33m=\u001b[39m screen\u001b[33m.\u001b[39mgetByText(\u001b[35m/learn react/i\u001b[39m)\u001b[33m;\u001b[39m\u001b[22m\n\u001b[2m     \u001b[90m   |\u001b[39m                              \u001b[31m\u001b[1m^\u001b[22m\u001b[2m\u001b[39m\u001b[22m\n\u001b[2m     \u001b[90m 7 |\u001b[39m   expect(linkElement)\u001b[33m.\u001b[39mtoBeInTheDocument()\u001b[33m;\u001b[39m\u001b[22m\n\u001b[2m     \u001b[90m 8 |\u001b[39m })\u001b[33m;\u001b[39m\u001b[22m\n\u001b[2m     \u001b[90m 9 |\u001b[39m\u001b[0m\u001b[22m\n\u001b[2m\u001b[22m\n\u001b[2m      \u001b[2mat Object.getElementError (\u001b[22m\u001b[2mnode_modules/@testing-library/dom/dist/config.js\u001b[2m:37:19)\u001b[22m\u001b[2m\u001b[22m\n\u001b[2m      \u001b[2mat \u001b[22m\u001b[2mnode_modules/@testing-library/dom/dist/query-helpers.js\u001b[2m:76:38\u001b[22m\u001b[2m\u001b[22m\n\u001b[2m      \u001b[2mat \u001b[22m\u001b[2mnode_modules/@testing-library/dom/dist/query-helpers.js\u001b[2m:52:17\u001b[22m\u001b[2m\u001b[22m\n\u001b[2m      \u001b[2mat getByText (\u001b[22m\u001b[2mnode_modules/@testing-library/dom/dist/query-helpers.js\u001b[2m:95:19)\u001b[22m\u001b[2m\u001b[22m\n\u001b[2m      \u001b[2mat Object.<anonymous> (\u001b[22m\u001b[2m\u001b[0m\u001b[36msrc/App.test.js\u001b[39m\u001b[0m\u001b[2m:6:30)\u001b[22m\u001b[2m\u001b[22m\n","name":"/Users/sergioabad/Desktop/PDFs_To_Check/Book_Full_Stack_React_Projects/Cursor_CH3_Full_Stack_React_Projects/client/src/App.test.js","startTime":1750979779993,"status":"failed","summary":""},{"assertionResults":[{"ancestorTitles":["Navbar Component","Non-Authenticated User View"],"failureMessages":[],"fullName":"Navbar Component Non-Authenticated User View should render app title","location":null,"status":"passed","title":"should render app title"},{"ancestorTitles":["Navbar Component","Non-Authenticated User View"],"failureMessages":["TestingLibraryElementError: Unable to find an accessible element with the role \"button\" and name `/login/i`\n\nHere are the accessible roles:\n\n  banner:\n\n  Name \"\":\n  \u001b[36m<header\u001b[39m\n    \u001b[33mclass\u001b[39m=\u001b[32m\"MuiPaper-root MuiPaper-elevation MuiPaper-elevation4 MuiAppBar-root MuiAppBar-colorPrimary MuiAppBar-positionStatic css-ptdwpq-MuiPaper-root-MuiAppBar-root\"\u001b[39m\n    \u001b[33mstyle\u001b[39m=\u001b[32m\"--Paper-shadow: 0px 2px 4px -1px rgba(0,0,0,0.2),0px 4px 5px 0px rgba(0,0,0,0.14),0px 1px 10px 0px rgba(0,0,0,0.12);\"\u001b[39m\n  \u001b[36m/>\u001b[39m\n\n  --------------------------------------------------\n  link:\n\n  Name \"MERN App\":\n  \u001b[36m<a\u001b[39m\n    \u001b[33mclass\u001b[39m=\u001b[32m\"MuiTypography-root MuiTypography-h6 css-78vawv-MuiTypography-root\"\u001b[39m\n    \u001b[33mhref\u001b[39m=\u001b[32m\"/\"\u001b[39m\n  \u001b[36m/>\u001b[39m\n\n  Name \"Login\":\n  \u001b[36m<a\u001b[39m\n    \u001b[33mclass\u001b[39m=\u001b[32m\"MuiButtonBase-root MuiButton-root MuiButton-text MuiButton-textInherit MuiButton-sizeMedium MuiButton-textSizeMedium MuiButton-colorInherit MuiButton-root MuiButton-text MuiButton-textInherit MuiButton-sizeMedium MuiButton-textSizeMedium MuiButton-colorInherit css-plnrbk-MuiButtonBase-root-MuiButton-root\"\u001b[39m\n    \u001b[33mhref\u001b[39m=\u001b[32m\"/login\"\u001b[39m\n    \u001b[33mtabindex\u001b[39m=\u001b[32m\"0\"\u001b[39m\n  \u001b[36m/>\u001b[39m\n\n  Name \"Register\":\n  \u001b[36m<a\u001b[39m\n    \u001b[33mclass\u001b[39m=\u001b[32m\"MuiButtonBase-root MuiButton-root MuiButton-text MuiButton-textInherit MuiButton-sizeMedium MuiButton-textSizeMedium MuiButton-colorInherit MuiButton-root MuiButton-text MuiButton-textInherit MuiButton-sizeMedium MuiButton-textSizeMedium MuiButton-colorInherit css-plnrbk-MuiButtonBase-root-MuiButton-root\"\u001b[39m\n    \u001b[33mhref\u001b[39m=\u001b[32m\"/register\"\u001b[39m\n    \u001b[33mtabindex\u001b[39m=\u001b[32m\"0\"\u001b[39m\n  \u001b[36m/>\u001b[39m\n\n  --------------------------------------------------\n\nIgnored nodes: comments, script, style\n\u001b[36m<body>\u001b[39m\n  \u001b[36m<div>\u001b[39m\n    \u001b[36m<header\u001b[39m\n      \u001b[33mclass\u001b[39m=\u001b[32m\"MuiPaper-root MuiPaper-elevation MuiPaper-elevation4 MuiAppBar-root MuiAppBar-colorPrimary MuiAppBar-positionStatic css-ptdwpq-MuiPaper-root-MuiAppBar-root\"\u001b[39m\n      \u001b[33mstyle\u001b[39m=\u001b[32m\"--Paper-shadow: 0px 2px 4px -1px rgba(0,0,0,0.2),0px 4px 5px 0px rgba(0,0,0,0.14),0px 1px 10px 0px rgba(0,0,0,0.12);\"\u001b[39m\n    \u001b[36m>\u001b[39m\n      \u001b[36m<div\u001b[39m\n        \u001b[33mclass\u001b[39m=\u001b[32m\"MuiToolbar-root MuiToolbar-gutters MuiToolbar-regular css-1ygil4i-MuiToolbar-root\"\u001b[39m\n      \u001b[36m>\u001b[39m\n        \u001b[36m<a\u001b[39m\n          \u001b[33mclass\u001b[39m=\u001b[32m\"MuiTypography-root MuiTypography-h6 css-78vawv-MuiTypography-root\"\u001b[39m\n          \u001b[33mhref\u001b[39m=\u001b[32m\"/\"\u001b[39m\n        \u001b[36m>\u001b[39m\n          \u001b[0mMERN App\u001b[0m\n        \u001b[36m</a>\u001b[39m\n        \u001b[36m<a\u001b[39m\n          \u001b[33mclass\u001b[39m=\u001b[32m\"MuiButtonBase-root MuiButton-root MuiButton-text MuiButton-textInherit MuiButton-sizeMedium MuiButton-textSizeMedium MuiButton-colorInherit MuiButton-root MuiButton-text MuiButton-textInherit MuiButton-sizeMedium MuiButton-textSizeMedium MuiButton-colorInherit css-plnrbk-MuiButtonBase-root-MuiButton-root\"\u001b[39m\n          \u001b[33mhref\u001b[39m=\u001b[32m\"/login\"\u001b[39m\n          \u001b[33mtabindex\u001b[39m=\u001b[32m\"0\"\u001b[39m\n        \u001b[36m>\u001b[39m\n          \u001b[36m<span\u001b[39m\n            \u001b[33mclass\u001b[39m=\u001b[32m\"MuiButton-icon MuiButton-startIcon MuiButton-iconSizeMedium css-1sh91j5-MuiButton-startIcon\"\u001b[39m\n          \u001b[36m>\u001b[39m\n            \u001b[36m<svg\u001b[39m\n              \u001b[33maria-hidden\u001b[39m=\u001b[32m\"true\"\u001b[39m\n              \u001b[33mclass\u001b[39m=\u001b[32m\"MuiSvgIcon-root MuiSvgIcon-fontSizeMedium css-1umw9bq-MuiSvgIcon-root\"\u001b[39m\n              \u001b[33mdata-testid\u001b[39m=\u001b[32m\"LoginIcon\"\u001b[39m\n              \u001b[33mfocusable\u001b[39m=\u001b[32m\"false\"\u001b[39m\n              \u001b[33mviewBox\u001b[39m=\u001b[32m\"0 0 24 24\"\u001b[39m\n            \u001b[36m>\u001b[39m\n              \u001b[36m<path\u001b[39m\n                \u001b[33md\u001b[39m=\u001b[32m\"M11 7 9.6 8.4l2.6 2.6H2v2h10.2l-2.6 2.6L11 17l5-5zm9 12h-8v2h8c1.1 0 2-.9 2-2V5c0-1.1-.9-2-2-2h-8v2h8z\"\u001b[39m\n              \u001b[36m/>\u001b[39m\n            \u001b[36m</svg>\u001b[39m\n          \u001b[36m</span>\u001b[39m\n          \u001b[0mLogin\u001b[0m\n        \u001b[36m</a>\u001b[39m\n        \u001b[36m<a\u001b[39m\n          \u001b[33mclass\u001b[39m=\u001b[32m\"MuiButtonBase-root MuiButton-root MuiButton-text MuiButton-textInherit MuiButton-sizeMedium MuiButton-textSizeMedium MuiButton-colorInherit MuiButton-root MuiButton-text MuiButton-textInherit MuiButton-sizeMedium MuiButton-textSizeMedium MuiButton-colorInherit css-plnrbk-MuiButtonBase-root-MuiButton-root\"\u001b[39m\n          \u001b[33mhref\u001b[39m=\u001b[32m\"/register\"\u001b[39m\n          \u001b[33mtabindex\u001b[39m=\u001b[32m\"0\"\u001b[39m\n        \u001b[36m>\u001b[39m\n          \u001b[36m<span\u001b[39m\n            \u001b[33mclass\u001b[39m=\u001b[32m\"MuiButton-icon MuiButton-startIcon MuiButton-iconSizeMedium css-1sh91j5-MuiButton-startIcon\"\u001b[39m\n          \u001b[36m>\u001b[39m\n            \u001b[36m<svg\u001b[39m\n              \u001b[33maria-hidden\u001b[39m=\u001b[32m\"true\"\u001b[39m\n              \u001b[33mclass\u001b[39m=\u001b[32m\"MuiSvgIcon-root MuiSvgIcon-fontSizeMedium css-1umw9bq-MuiSvgIcon-root\"\u001b[39m\n              \u001b[33mdata-testid\u001b[39m=\u001b[32m\"PersonAddIcon\"\u001b[39m\n              \u001b[33mfocusable\u001b[39m=\u001b[32m\"false\"\u001b[39m\n              \u001b[33mviewBox\u001b[39m=\u001b[32m\"0 0 24 24\"\u001b[39m\n            \u001b[36m>\u001b[39m\n              \u001b[36m<path\u001b[39m\n                \u001b[33md\u001b[39m=\u001b[32m\"M15 12c2.21 0 4-1.79 4-4s-1.79-4-4-4-4 1.79-4 4 1.79 4 4 4m-9-2V7H4v3H1v2h3v3h2v-3h3v-2zm9 4c-2.67 0-8 1.34-8 4v2h16v-2c0-2.66-5.33-4-8-4\"\u001b[39m\n              \u001b[36m/>\u001b[39m\n            \u001b[36m</svg>\u001b[39m\n          \u001b[36m</span>\u001b[39m\n          \u001b[0mRegister\u001b[0m\n        \u001b[36m</a>\u001b[39m\n      \u001b[36m</div>\u001b[39m\n    \u001b[36m</header>\u001b[39m\n  \u001b[36m</div>\u001b[39m\n\u001b[36m</body>\u001b[39m\n    at Object.getElementError (/Users/sergioabad/Desktop/PDFs_To_Check/Book_Full_Stack_React_Projects/Cursor_CH3_Full_Stack_React_Projects/client/node_modules/@testing-library/dom/dist/config.js:37:19)\n    at /Users/sergioabad/Desktop/PDFs_To_Check/Book_Full_Stack_React_Projects/Cursor_CH3_Full_Stack_React_Projects/client/node_modules/@testing-library/dom/dist/query-helpers.js:76:38\n    at /Users/sergioabad/Desktop/PDFs_To_Check/Book_Full_Stack_React_Projects/Cursor_CH3_Full_Stack_React_Projects/client/node_modules/@testing-library/dom/dist/query-helpers.js:52:17\n    at getByRole (/Users/sergioabad/Desktop/PDFs_To_Check/Book_Full_Stack_React_Projects/Cursor_CH3_Full_Stack_React_Projects/client/node_modules/@testing-library/dom/dist/query-helpers.js:95:19)\n    at Object.<anonymous> (/Users/sergioabad/Desktop/PDFs_To_Check/Book_Full_Stack_React_Projects/Cursor_CH3_Full_Stack_React_Projects/client/src/components/layout/Navbar.test.js:39:27)\n    at Promise.then.completed (/Users/sergioabad/Desktop/PDFs_To_Check/Book_Full_Stack_React_Projects/Cursor_CH3_Full_Stack_React_Projects/client/node_modules/jest-circus/build/utils.js:391:28)\n    at new Promise (<anonymous>)\n    at callAsyncCircusFn (/Users/sergioabad/Desktop/PDFs_To_Check/Book_Full_Stack_React_Projects/Cursor_CH3_Full_Stack_React_Projects/client/node_modules/jest-circus/build/utils.js:316:10)\n    at _callCircusTest (/Users/sergioabad/Desktop/PDFs_To_Check/Book_Full_Stack_React_Projects/Cursor_CH3_Full_Stack_React_Projects/client/node_modules/jest-circus/build/run.js:218:40)\n    at processTicksAndRejections (node:internal/process/task_queues:105:5)\n    at _runTest (/Users/sergioabad/Desktop/PDFs_To_Check/Book_Full_Stack_React_Projects/Cursor_CH3_Full_Stack_React_Projects/client/node_modules/jest-circus/build/run.js:155:3)\n    at _runTestsForDescribeBlock (/Users/sergioabad/Desktop/PDFs_To_Check/Book_Full_Stack_React_Projects/Cursor_CH3_Full_Stack_React_Projects/client/node_modules/jest-circus/build/run.js:66:9)\n    at _runTestsForDescribeBlock (/Users/sergioabad/Desktop/PDFs_To_Check/Book_Full_Stack_React_Projects/Cursor_CH3_Full_Stack_React_Projects/client/node_modules/jest-circus/build/run.js:60:9)\n    at _runTestsForDescribeBlock (/Users/sergioabad/Desktop/PDFs_To_Check/Book_Full_Stack_React_Projects/Cursor_CH3_Full_Stack_React_Projects/client/node_modules/jest-circus/build/run.js:60:9)\n    at run (/Users/sergioabad/Desktop/PDFs_To_Check/Book_Full_Stack_React_Projects/Cursor_CH3_Full_Stack_React_Projects/client/node_modules/jest-circus/build/run.js:25:3)\n    at runAndTransformResultsToJestFormat (/Users/sergioabad/Desktop/PDFs_To_Check/Book_Full_Stack_React_Projects/Cursor_CH3_Full_Stack_React_Projects/client/node_modules/jest-circus/build/legacy-code-todo-rewrite/jestAdapterInit.js:170:21)\n    at jestAdapter (/Users/sergioabad/Desktop/PDFs_To_Check/Book_Full_Stack_React_Projects/Cursor_CH3_Full_Stack_React_Projects/client/node_modules/jest-circus/build/legacy-code-todo-rewrite/jestAdapter.js:82:19)\n    at runTestInternal (/Users/sergioabad/Desktop/PDFs_To_Check/Book_Full_Stack_React_Projects/Cursor_CH3_Full_Stack_React_Projects/client/node_modules/jest-runner/build/runTest.js:389:16)\n    at runTest (/Users/sergioabad/Desktop/PDFs_To_Check/Book_Full_Stack_React_Projects/Cursor_CH3_Full_Stack_React_Projects/client/node_modules/jest-runner/build/runTest.js:475:34)\n    at Object.worker (/Users/sergioabad/Desktop/PDFs_To_Check/Book_Full_Stack_React_Projects/Cursor_CH3_Full_Stack_React_Projects/client/node_modules/jest-runner/build/testWorker.js:133:12)"],"fullName":"Navbar Component Non-Authenticated User View should display login and register buttons for non-authenticated users","location":null,"status":"failed","title":"should display login and register buttons for non-authenticated users"},{"ancestorTitles":["Navbar Component","Non-Authenticated User View"],"failureMessages":[],"fullName":"Navbar Component Non-Authenticated User View should not display user menu for non-authenticated users","location":null,"status":"passed","title":"should not display user menu for non-authenticated users"},{"ancestorTitles":["Navbar Component","Non-Authenticated User View"],"failureMessages":["TestingLibraryElementError: Unable to find an accessible element with the role \"button\" and name `/login/i`\n\nHere are the accessible roles:\n\n  banner:\n\n  Name \"\":\n  \u001b[36m<header\u001b[39m\n    \u001b[33mclass\u001b[39m=\u001b[32m\"MuiPaper-root MuiPaper-elevation MuiPaper-elevation4 MuiAppBar-root MuiAppBar-colorPrimary MuiAppBar-positionStatic css-ptdwpq-MuiPaper-root-MuiAppBar-root\"\u001b[39m\n    \u001b[33mstyle\u001b[39m=\u001b[32m\"--Paper-shadow: 0px 2px 4px -1px rgba(0,0,0,0.2),0px 4px 5px 0px rgba(0,0,0,0.14),0px 1px 10px 0px rgba(0,0,0,0.12);\"\u001b[39m\n  \u001b[36m/>\u001b[39m\n\n  --------------------------------------------------\n  link:\n\n  Name \"MERN App\":\n  \u001b[36m<a\u001b[39m\n    \u001b[33mclass\u001b[39m=\u001b[32m\"MuiTypography-root MuiTypography-h6 css-78vawv-MuiTypography-root\"\u001b[39m\n    \u001b[33mhref\u001b[39m=\u001b[32m\"/\"\u001b[39m\n  \u001b[36m/>\u001b[39m\n\n  Name \"Login\":\n  \u001b[36m<a\u001b[39m\n    \u001b[33mclass\u001b[39m=\u001b[32m\"MuiButtonBase-root MuiButton-root MuiButton-text MuiButton-textInherit MuiButton-sizeMedium MuiButton-textSizeMedium MuiButton-colorInherit MuiButton-root MuiButton-text MuiButton-textInherit MuiButton-sizeMedium MuiButton-textSizeMedium MuiButton-colorInherit css-plnrbk-MuiButtonBase-root-MuiButton-root\"\u001b[39m\n    \u001b[33mhref\u001b[39m=\u001b[32m\"/login\"\u001b[39m\n    \u001b[33mtabindex\u001b[39m=\u001b[32m\"0\"\u001b[39m\n  \u001b[36m/>\u001b[39m\n\n  Name \"Register\":\n  \u001b[36m<a\u001b[39m\n    \u001b[33mclass\u001b[39m=\u001b[32m\"MuiButtonBase-root MuiButton-root MuiButton-text MuiButton-textInherit MuiButton-sizeMedium MuiButton-textSizeMedium MuiButton-colorInherit MuiButton-root MuiButton-text MuiButton-textInherit MuiButton-sizeMedium MuiButton-textSizeMedium MuiButton-colorInherit css-plnrbk-MuiButtonBase-root-MuiButton-root\"\u001b[39m\n    \u001b[33mhref\u001b[39m=\u001b[32m\"/register\"\u001b[39m\n    \u001b[33mtabindex\u001b[39m=\u001b[32m\"0\"\u001b[39m\n  \u001b[36m/>\u001b[39m\n\n  --------------------------------------------------\n\nIgnored nodes: comments, script, style\n\u001b[36m<body>\u001b[39m\n  \u001b[36m<div>\u001b[39m\n    \u001b[36m<header\u001b[39m\n      \u001b[33mclass\u001b[39m=\u001b[32m\"MuiPaper-root MuiPaper-elevation MuiPaper-elevation4 MuiAppBar-root MuiAppBar-colorPrimary MuiAppBar-positionStatic css-ptdwpq-MuiPaper-root-MuiAppBar-root\"\u001b[39m\n      \u001b[33mstyle\u001b[39m=\u001b[32m\"--Paper-shadow: 0px 2px 4px -1px rgba(0,0,0,0.2),0px 4px 5px 0px rgba(0,0,0,0.14),0px 1px 10px 0px rgba(0,0,0,0.12);\"\u001b[39m\n    \u001b[36m>\u001b[39m\n      \u001b[36m<div\u001b[39m\n        \u001b[33mclass\u001b[39m=\u001b[32m\"MuiToolbar-root MuiToolbar-gutters MuiToolbar-regular css-1ygil4i-MuiToolbar-root\"\u001b[39m\n      \u001b[36m>\u001b[39m\n        \u001b[36m<a\u001b[39m\n          \u001b[33mclass\u001b[39m=\u001b[32m\"MuiTypography-root MuiTypography-h6 css-78vawv-MuiTypography-root\"\u001b[39m\n          \u001b[33mhref\u001b[39m=\u001b[32m\"/\"\u001b[39m\n        \u001b[36m>\u001b[39m\n          \u001b[0mMERN App\u001b[0m\n        \u001b[36m</a>\u001b[39m\n        \u001b[36m<a\u001b[39m\n          \u001b[33mclass\u001b[39m=\u001b[32m\"MuiButtonBase-root MuiButton-root MuiButton-text MuiButton-textInherit MuiButton-sizeMedium MuiButton-textSizeMedium MuiButton-colorInherit MuiButton-root MuiButton-text MuiButton-textInherit MuiButton-sizeMedium MuiButton-textSizeMedium MuiButton-colorInherit css-plnrbk-MuiButtonBase-root-MuiButton-root\"\u001b[39m\n          \u001b[33mhref\u001b[39m=\u001b[32m\"/login\"\u001b[39m\n          \u001b[33mtabindex\u001b[39m=\u001b[32m\"0\"\u001b[39m\n        \u001b[36m>\u001b[39m\n          \u001b[36m<span\u001b[39m\n            \u001b[33mclass\u001b[39m=\u001b[32m\"MuiButton-icon MuiButton-startIcon MuiButton-iconSizeMedium css-1sh91j5-MuiButton-startIcon\"\u001b[39m\n          \u001b[36m>\u001b[39m\n            \u001b[36m<svg\u001b[39m\n              \u001b[33maria-hidden\u001b[39m=\u001b[32m\"true\"\u001b[39m\n              \u001b[33mclass\u001b[39m=\u001b[32m\"MuiSvgIcon-root MuiSvgIcon-fontSizeMedium css-1umw9bq-MuiSvgIcon-root\"\u001b[39m\n              \u001b[33mdata-testid\u001b[39m=\u001b[32m\"LoginIcon\"\u001b[39m\n              \u001b[33mfocusable\u001b[39m=\u001b[32m\"false\"\u001b[39m\n              \u001b[33mviewBox\u001b[39m=\u001b[32m\"0 0 24 24\"\u001b[39m\n            \u001b[36m>\u001b[39m\n              \u001b[36m<path\u001b[39m\n                \u001b[33md\u001b[39m=\u001b[32m\"M11 7 9.6 8.4l2.6 2.6H2v2h10.2l-2.6 2.6L11 17l5-5zm9 12h-8v2h8c1.1 0 2-.9 2-2V5c0-1.1-.9-2-2-2h-8v2h8z\"\u001b[39m\n              \u001b[36m/>\u001b[39m\n            \u001b[36m</svg>\u001b[39m\n          \u001b[36m</span>\u001b[39m\n          \u001b[0mLogin\u001b[0m\n        \u001b[36m</a>\u001b[39m\n        \u001b[36m<a\u001b[39m\n          \u001b[33mclass\u001b[39m=\u001b[32m\"MuiButtonBase-root MuiButton-root MuiButton-text MuiButton-textInherit MuiButton-sizeMedium MuiButton-textSizeMedium MuiButton-colorInherit MuiButton-root MuiButton-text MuiButton-textInherit MuiButton-sizeMedium MuiButton-textSizeMedium MuiButton-colorInherit css-plnrbk-MuiButtonBase-root-MuiButton-root\"\u001b[39m\n          \u001b[33mhref\u001b[39m=\u001b[32m\"/register\"\u001b[39m\n          \u001b[33mtabindex\u001b[39m=\u001b[32m\"0\"\u001b[39m\n        \u001b[36m>\u001b[39m\n          \u001b[36m<span\u001b[39m\n            \u001b[33mclass\u001b[39m=\u001b[32m\"MuiButton-icon MuiButton-startIcon MuiButton-iconSizeMedium css-1sh91j5-MuiButton-startIcon\"\u001b[39m\n          \u001b[36m>\u001b[39m\n            \u001b[36m<svg\u001b[39m\n              \u001b[33maria-hidden\u001b[39m=\u001b[32m\"true\"\u001b[39m\n              \u001b[33mclass\u001b[39m=\u001b[32m\"MuiSvgIcon-root MuiSvgIcon-fontSizeMedium css-1umw9bq-MuiSvgIcon-root\"\u001b[39m\n              \u001b[33mdata-testid\u001b[39m=\u001b[32m\"PersonAddIcon\"\u001b[39m\n              \u001b[33mfocusable\u001b[39m=\u001b[32m\"false\"\u001b[39m\n              \u001b[33mviewBox\u001b[39m=\u001b[32m\"0 0 24 24\"\u001b[39m\n            \u001b[36m>\u001b[39m\n              \u001b[36m<path\u001b[39m\n                \u001b[33md\u001b[39m=\u001b[32m\"M15 12c2.21 0 4-1.79 4-4s-1.79-4-4-4-4 1.79-4 4 1.79 4 4 4m-9-2V7H4v3H1v2h3v3h2v-3h3v-2zm9 4c-2.67 0-8 1.34-8 4v2h16v-2c0-2.66-5.33-4-8-4\"\u001b[39m\n              \u001b[36m/>\u001b[39m\n            \u001b[36m</svg>\u001b[39m\n          \u001b[36m</span>\u001b[39m\n          \u001b[0mRegister\u001b[0m\n        \u001b[36m</a>\u001b[39m\n      \u001b[36m</div>\u001b[39m\n    \u001b[36m</header>\u001b[39m\n  \u001b[36m</div>\u001b[39m\n\u001b[36m</body>\u001b[39m\n    at Object.getElementError (/Users/sergioabad/Desktop/PDFs_To_Check/Book_Full_Stack_React_Projects/Cursor_CH3_Full_Stack_React_Projects/client/node_modules/@testing-library/dom/dist/config.js:37:19)\n    at /Users/sergioabad/Desktop/PDFs_To_Check/Book_Full_Stack_React_Projects/Cursor_CH3_Full_Stack_React_Projects/client/node_modules/@testing-library/dom/dist/query-helpers.js:76:38\n    at /Users/sergioabad/Desktop/PDFs_To_Check/Book_Full_Stack_React_Projects/Cursor_CH3_Full_Stack_React_Projects/client/node_modules/@testing-library/dom/dist/query-helpers.js:52:17\n    at getByRole (/Users/sergioabad/Desktop/PDFs_To_Check/Book_Full_Stack_React_Projects/Cursor_CH3_Full_Stack_React_Projects/client/node_modules/@testing-library/dom/dist/query-helpers.js:95:19)\n    at Object.<anonymous> (/Users/sergioabad/Desktop/PDFs_To_Check/Book_Full_Stack_React_Projects/Cursor_CH3_Full_Stack_React_Projects/client/src/components/layout/Navbar.test.js:52:40)\n    at Promise.then.completed (/Users/sergioabad/Desktop/PDFs_To_Check/Book_Full_Stack_React_Projects/Cursor_CH3_Full_Stack_React_Projects/client/node_modules/jest-circus/build/utils.js:391:28)\n    at new Promise (<anonymous>)\n    at callAsyncCircusFn (/Users/sergioabad/Desktop/PDFs_To_Check/Book_Full_Stack_React_Projects/Cursor_CH3_Full_Stack_React_Projects/client/node_modules/jest-circus/build/utils.js:316:10)\n    at _callCircusTest (/Users/sergioabad/Desktop/PDFs_To_Check/Book_Full_Stack_React_Projects/Cursor_CH3_Full_Stack_React_Projects/client/node_modules/jest-circus/build/run.js:218:40)\n    at processTicksAndRejections (node:internal/process/task_queues:105:5)\n    at _runTest (/Users/sergioabad/Desktop/PDFs_To_Check/Book_Full_Stack_React_Projects/Cursor_CH3_Full_Stack_React_Projects/client/node_modules/jest-circus/build/run.js:155:3)\n    at _runTestsForDescribeBlock (/Users/sergioabad/Desktop/PDFs_To_Check/Book_Full_Stack_React_Projects/Cursor_CH3_Full_Stack_React_Projects/client/node_modules/jest-circus/build/run.js:66:9)\n    at _runTestsForDescribeBlock (/Users/sergioabad/Desktop/PDFs_To_Check/Book_Full_Stack_React_Projects/Cursor_CH3_Full_Stack_React_Projects/client/node_modules/jest-circus/build/run.js:60:9)\n    at _runTestsForDescribeBlock (/Users/sergioabad/Desktop/PDFs_To_Check/Book_Full_Stack_React_Projects/Cursor_CH3_Full_Stack_React_Projects/client/node_modules/jest-circus/build/run.js:60:9)\n    at run (/Users/sergioabad/Desktop/PDFs_To_Check/Book_Full_Stack_React_Projects/Cursor_CH3_Full_Stack_React_Projects/client/node_modules/jest-circus/build/run.js:25:3)\n    at runAndTransformResultsToJestFormat (/Users/sergioabad/Desktop/PDFs_To_Check/Book_Full_Stack_React_Projects/Cursor_CH3_Full_Stack_React_Projects/client/node_modules/jest-circus/build/legacy-code-todo-rewrite/jestAdapterInit.js:170:21)\n    at jestAdapter (/Users/sergioabad/Desktop/PDFs_To_Check/Book_Full_Stack_React_Projects/Cursor_CH3_Full_Stack_React_Projects/client/node_modules/jest-circus/build/legacy-code-todo-rewrite/jestAdapter.js:82:19)\n    at runTestInternal (/Users/sergioabad/Desktop/PDFs_To_Check/Book_Full_Stack_React_Projects/Cursor_CH3_Full_Stack_React_Projects/client/node_modules/jest-runner/build/runTest.js:389:16)\n    at runTest (/Users/sergioabad/Desktop/PDFs_To_Check/Book_Full_Stack_React_Projects/Cursor_CH3_Full_Stack_React_Projects/client/node_modules/jest-runner/build/runTest.js:475:34)\n    at Object.worker (/Users/sergioabad/Desktop/PDFs_To_Check/Book_Full_Stack_React_Projects/Cursor_CH3_Full_Stack_React_Projects/client/node_modules/jest-runner/build/testWorker.js:133:12)"],"fullName":"Navbar Component Non-Authenticated User View should have proper navigation links for non-authenticated users","location":null,"status":"failed","title":"should have proper navigation links for non-authenticated users"},{"ancestorTitles":["Navbar Component","Authenticated User View"],"failureMessages":[],"fullName":"Navbar Component Authenticated User View should display home button for authenticated users","location":null,"status":"passed","title":"should display home button for authenticated users"},{"ancestorTitles":["Navbar Component","Authenticated User View"],"failureMessages":[],"fullName":"Navbar Component Authenticated User View should display user avatar or account icon","location":null,"status":"passed","title":"should display user avatar or account icon"},{"ancestorTitles":["Navbar Component","Admin User View"],"failureMessages":[],"fullName":"Navbar Component Admin User View should display users management button for admin users","location":null,"status":"passed","title":"should display users management button for admin users"},{"ancestorTitles":["Navbar Component","Navigation Links"],"failureMessages":[],"fullName":"Navbar Component Navigation Links should have app title as home link","location":null,"status":"passed","title":"should have app title as home link"},{"ancestorTitles":["Navbar Component","Navigation Links"],"failureMessages":[],"fullName":"Navbar Component Navigation Links should have proper link styling","location":null,"status":"passed","title":"should have proper link styling"},{"ancestorTitles":["Navbar Component","User Menu (Authenticated)"],"failureMessages":[],"fullName":"Navbar Component User Menu (Authenticated) should open user menu when avatar is clicked","location":null,"status":"passed","title":"should open user menu when avatar is clicked"},{"ancestorTitles":["Navbar Component","User Menu (Authenticated)"],"failureMessages":[],"fullName":"Navbar Component User Menu (Authenticated) should close user menu when clicking outside","location":null,"status":"passed","title":"should close user menu when clicking outside"},{"ancestorTitles":["Navbar Component","User Menu (Authenticated)"],"failureMessages":[],"fullName":"Navbar Component User Menu (Authenticated) should navigate to profile when profile menu item is clicked","location":null,"status":"passed","title":"should navigate to profile when profile menu item is clicked"},{"ancestorTitles":["Navbar Component","User Menu (Authenticated)"],"failureMessages":[],"fullName":"Navbar Component User Menu (Authenticated) should navigate to edit profile when edit profile menu item is clicked","location":null,"status":"passed","title":"should navigate to edit profile when edit profile menu item is clicked"},{"ancestorTitles":["Navbar Component","User Menu (Authenticated)"],"failureMessages":[],"fullName":"Navbar Component User Menu (Authenticated) should navigate to users management when users menu item is clicked (admin only)","location":null,"status":"passed","title":"should navigate to users management when users menu item is clicked (admin only)"},{"ancestorTitles":["Navbar Component","User Menu (Authenticated)"],"failureMessages":[],"fullName":"Navbar Component User Menu (Authenticated) should logout when logout menu item is clicked","location":null,"status":"passed","title":"should logout when logout menu item is clicked"},{"ancestorTitles":["Navbar Component","Responsive Design"],"failureMessages":[],"fullName":"Navbar Component Responsive Design should render on mobile devices","location":null,"status":"passed","title":"should render on mobile devices"},{"ancestorTitles":["Navbar Component","Responsive Design"],"failureMessages":[],"fullName":"Navbar Component Responsive Design should handle menu interactions on mobile","location":null,"status":"passed","title":"should handle menu interactions on mobile"},{"ancestorTitles":["Navbar Component","Accessibility"],"failureMessages":["TestingLibraryElementError: Unable to find an accessible element with the role \"button\"\n\nHere are the accessible roles:\n\n  banner:\n\n  Name \"\":\n  \u001b[36m<header\u001b[39m\n    \u001b[33mclass\u001b[39m=\u001b[32m\"MuiPaper-root MuiPaper-elevation MuiPaper-elevation4 MuiAppBar-root MuiAppBar-colorPrimary MuiAppBar-positionStatic css-ptdwpq-MuiPaper-root-MuiAppBar-root\"\u001b[39m\n    \u001b[33mstyle\u001b[39m=\u001b[32m\"--Paper-shadow: 0px 2px 4px -1px rgba(0,0,0,0.2),0px 4px 5px 0px rgba(0,0,0,0.14),0px 1px 10px 0px rgba(0,0,0,0.12);\"\u001b[39m\n  \u001b[36m/>\u001b[39m\n\n  --------------------------------------------------\n  link:\n\n  Name \"MERN App\":\n  \u001b[36m<a\u001b[39m\n    \u001b[33mclass\u001b[39m=\u001b[32m\"MuiTypography-root MuiTypography-h6 css-78vawv-MuiTypography-root\"\u001b[39m\n    \u001b[33mhref\u001b[39m=\u001b[32m\"/\"\u001b[39m\n  \u001b[36m/>\u001b[39m\n\n  Name \"Login\":\n  \u001b[36m<a\u001b[39m\n    \u001b[33mclass\u001b[39m=\u001b[32m\"MuiButtonBase-root MuiButton-root MuiButton-text MuiButton-textInherit MuiButton-sizeMedium MuiButton-textSizeMedium MuiButton-colorInherit MuiButton-root MuiButton-text MuiButton-textInherit MuiButton-sizeMedium MuiButton-textSizeMedium MuiButton-colorInherit css-plnrbk-MuiButtonBase-root-MuiButton-root\"\u001b[39m\n    \u001b[33mhref\u001b[39m=\u001b[32m\"/login\"\u001b[39m\n    \u001b[33mtabindex\u001b[39m=\u001b[32m\"0\"\u001b[39m\n  \u001b[36m/>\u001b[39m\n\n  Name \"Register\":\n  \u001b[36m<a\u001b[39m\n    \u001b[33mclass\u001b[39m=\u001b[32m\"MuiButtonBase-root MuiButton-root MuiButton-text MuiButton-textInherit MuiButton-sizeMedium MuiButton-textSizeMedium MuiButton-colorInherit MuiButton-root MuiButton-text MuiButton-textInherit MuiButton-sizeMedium MuiButton-textSizeMedium MuiButton-colorInherit css-plnrbk-MuiButtonBase-root-MuiButton-root\"\u001b[39m\n    \u001b[33mhref\u001b[39m=\u001b[32m\"/register\"\u001b[39m\n    \u001b[33mtabindex\u001b[39m=\u001b[32m\"0\"\u001b[39m\n  \u001b[36m/>\u001b[39m\n\n  --------------------------------------------------\n\nIgnored nodes: comments, script, style\n\u001b[36m<body>\u001b[39m\n  \u001b[36m<div>\u001b[39m\n    \u001b[36m<header\u001b[39m\n      \u001b[33mclass\u001b[39m=\u001b[32m\"MuiPaper-root MuiPaper-elevation MuiPaper-elevation4 MuiAppBar-root MuiAppBar-colorPrimary MuiAppBar-positionStatic css-ptdwpq-MuiPaper-root-MuiAppBar-root\"\u001b[39m\n      \u001b[33mstyle\u001b[39m=\u001b[32m\"--Paper-shadow: 0px 2px 4px -1px rgba(0,0,0,0.2),0px 4px 5px 0px rgba(0,0,0,0.14),0px 1px 10px 0px rgba(0,0,0,0.12);\"\u001b[39m\n    \u001b[36m>\u001b[39m\n      \u001b[36m<div\u001b[39m\n        \u001b[33mclass\u001b[39m=\u001b[32m\"MuiToolbar-root MuiToolbar-gutters MuiToolbar-regular css-1ygil4i-MuiToolbar-root\"\u001b[39m\n      \u001b[36m>\u001b[39m\n        \u001b[36m<a\u001b[39m\n          \u001b[33mclass\u001b[39m=\u001b[32m\"MuiTypography-root MuiTypography-h6 css-78vawv-MuiTypography-root\"\u001b[39m\n          \u001b[33mhref\u001b[39m=\u001b[32m\"/\"\u001b[39m\n        \u001b[36m>\u001b[39m\n          \u001b[0mMERN App\u001b[0m\n        \u001b[36m</a>\u001b[39m\n        \u001b[36m<a\u001b[39m\n          \u001b[33mclass\u001b[39m=\u001b[32m\"MuiButtonBase-root MuiButton-root MuiButton-text MuiButton-textInherit MuiButton-sizeMedium MuiButton-textSizeMedium MuiButton-colorInherit MuiButton-root MuiButton-text MuiButton-textInherit MuiButton-sizeMedium MuiButton-textSizeMedium MuiButton-colorInherit css-plnrbk-MuiButtonBase-root-MuiButton-root\"\u001b[39m\n          \u001b[33mhref\u001b[39m=\u001b[32m\"/login\"\u001b[39m\n          \u001b[33mtabindex\u001b[39m=\u001b[32m\"0\"\u001b[39m\n        \u001b[36m>\u001b[39m\n          \u001b[36m<span\u001b[39m\n            \u001b[33mclass\u001b[39m=\u001b[32m\"MuiButton-icon MuiButton-startIcon MuiButton-iconSizeMedium css-1sh91j5-MuiButton-startIcon\"\u001b[39m\n          \u001b[36m>\u001b[39m\n            \u001b[36m<svg\u001b[39m\n              \u001b[33maria-hidden\u001b[39m=\u001b[32m\"true\"\u001b[39m\n              \u001b[33mclass\u001b[39m=\u001b[32m\"MuiSvgIcon-root MuiSvgIcon-fontSizeMedium css-1umw9bq-MuiSvgIcon-root\"\u001b[39m\n              \u001b[33mdata-testid\u001b[39m=\u001b[32m\"LoginIcon\"\u001b[39m\n              \u001b[33mfocusable\u001b[39m=\u001b[32m\"false\"\u001b[39m\n              \u001b[33mviewBox\u001b[39m=\u001b[32m\"0 0 24 24\"\u001b[39m\n            \u001b[36m>\u001b[39m\n              \u001b[36m<path\u001b[39m\n                \u001b[33md\u001b[39m=\u001b[32m\"M11 7 9.6 8.4l2.6 2.6H2v2h10.2l-2.6 2.6L11 17l5-5zm9 12h-8v2h8c1.1 0 2-.9 2-2V5c0-1.1-.9-2-2-2h-8v2h8z\"\u001b[39m\n              \u001b[36m/>\u001b[39m\n            \u001b[36m</svg>\u001b[39m\n          \u001b[36m</span>\u001b[39m\n          \u001b[0mLogin\u001b[0m\n        \u001b[36m</a>\u001b[39m\n        \u001b[36m<a\u001b[39m\n          \u001b[33mclass\u001b[39m=\u001b[32m\"MuiButtonBase-root MuiButton-root MuiButton-text MuiButton-textInherit MuiButton-sizeMedium MuiButton-textSizeMedium MuiButton-colorInherit MuiButton-root MuiButton-text MuiButton-textInherit MuiButton-sizeMedium MuiButton-textSizeMedium MuiButton-colorInherit css-plnrbk-MuiButtonBase-root-MuiButton-root\"\u001b[39m\n          \u001b[33mhref\u001b[39m=\u001b[32m\"/register\"\u001b[39m\n          \u001b[33mtabindex\u001b[39m=\u001b[32m\"0\"\u001b[39m\n        \u001b[36m>\u001b[39m\n          \u001b[36m<span\u001b[39m\n            \u001b[33mclass\u001b[39m=\u001b[32m\"MuiButton-icon MuiButton-startIcon MuiButton-iconSizeMedium css-1sh91j5-MuiButton-startIcon\"\u001b[39m\n          \u001b[36m>\u001b[39m\n            \u001b[36m<svg\u001b[39m\n              \u001b[33maria-hidden\u001b[39m=\u001b[32m\"true\"\u001b[39m\n              \u001b[33mclass\u001b[39m=\u001b[32m\"MuiSvgIcon-root MuiSvgIcon-fontSizeMedium css-1umw9bq-MuiSvgIcon-root\"\u001b[39m\n              \u001b[33mdata-testid\u001b[39m=\u001b[32m\"PersonAddIcon\"\u001b[39m\n              \u001b[33mfocusable\u001b[39m=\u001b[32m\"false\"\u001b[39m\n              \u001b[33mviewBox\u001b[39m=\u001b[32m\"0 0 24 24\"\u001b[39m\n            \u001b[36m>\u001b[39m\n              \u001b[36m<path\u001b[39m\n                \u001b[33md\u001b[39m=\u001b[32m\"M15 12c2.21 0 4-1.79 4-4s-1.79-4-4-4-4 1.79-4 4 1.79 4 4 4m-9-2V7H4v3H1v2h3v3h2v-3h3v-2zm9 4c-2.67 0-8 1.34-8 4v2h16v-2c0-2.66-5.33-4-8-4\"\u001b[39m\n              \u001b[36m/>\u001b[39m\n            \u001b[36m</svg>\u001b[39m\n          \u001b[36m</span>\u001b[39m\n          \u001b[0mRegister\u001b[0m\n        \u001b[36m</a>\u001b[39m\n      \u001b[36m</div>\u001b[39m\n    \u001b[36m</header>\u001b[39m\n  \u001b[36m</div>\u001b[39m\n\u001b[36m</body>\u001b[39m\n    at Object.getElementError (/Users/sergioabad/Desktop/PDFs_To_Check/Book_Full_Stack_React_Projects/Cursor_CH3_Full_Stack_React_Projects/client/node_modules/@testing-library/dom/dist/config.js:37:19)\n    at /Users/sergioabad/Desktop/PDFs_To_Check/Book_Full_Stack_React_Projects/Cursor_CH3_Full_Stack_React_Projects/client/node_modules/@testing-library/dom/dist/query-helpers.js:76:38\n    at getAllByRole (/Users/sergioabad/Desktop/PDFs_To_Check/Book_Full_Stack_React_Projects/Cursor_CH3_Full_Stack_React_Projects/client/node_modules/@testing-library/dom/dist/query-helpers.js:109:15)\n    at Object.<anonymous> (/Users/sergioabad/Desktop/PDFs_To_Check/Book_Full_Stack_React_Projects/Cursor_CH3_Full_Stack_React_Projects/client/src/components/layout/Navbar.test.js:207:36)\n    at Promise.then.completed (/Users/sergioabad/Desktop/PDFs_To_Check/Book_Full_Stack_React_Projects/Cursor_CH3_Full_Stack_React_Projects/client/node_modules/jest-circus/build/utils.js:391:28)\n    at new Promise (<anonymous>)\n    at callAsyncCircusFn (/Users/sergioabad/Desktop/PDFs_To_Check/Book_Full_Stack_React_Projects/Cursor_CH3_Full_Stack_React_Projects/client/node_modules/jest-circus/build/utils.js:316:10)\n    at _callCircusTest (/Users/sergioabad/Desktop/PDFs_To_Check/Book_Full_Stack_React_Projects/Cursor_CH3_Full_Stack_React_Projects/client/node_modules/jest-circus/build/run.js:218:40)\n    at processTicksAndRejections (node:internal/process/task_queues:105:5)\n    at _runTest (/Users/sergioabad/Desktop/PDFs_To_Check/Book_Full_Stack_React_Projects/Cursor_CH3_Full_Stack_React_Projects/client/node_modules/jest-circus/build/run.js:155:3)\n    at _runTestsForDescribeBlock (/Users/sergioabad/Desktop/PDFs_To_Check/Book_Full_Stack_React_Projects/Cursor_CH3_Full_Stack_React_Projects/client/node_modules/jest-circus/build/run.js:66:9)\n    at _runTestsForDescribeBlock (/Users/sergioabad/Desktop/PDFs_To_Check/Book_Full_Stack_React_Projects/Cursor_CH3_Full_Stack_React_Projects/client/node_modules/jest-circus/build/run.js:60:9)\n    at _runTestsForDescribeBlock (/Users/sergioabad/Desktop/PDFs_To_Check/Book_Full_Stack_React_Projects/Cursor_CH3_Full_Stack_React_Projects/client/node_modules/jest-circus/build/run.js:60:9)\n    at run (/Users/sergioabad/Desktop/PDFs_To_Check/Book_Full_Stack_React_Projects/Cursor_CH3_Full_Stack_React_Projects/client/node_modules/jest-circus/build/run.js:25:3)\n    at runAndTransformResultsToJestFormat (/Users/sergioabad/Desktop/PDFs_To_Check/Book_Full_Stack_React_Projects/Cursor_CH3_Full_Stack_React_Projects/client/node_modules/jest-circus/build/legacy-code-todo-rewrite/jestAdapterInit.js:170:21)\n    at jestAdapter (/Users/sergioabad/Desktop/PDFs_To_Check/Book_Full_Stack_React_Projects/Cursor_CH3_Full_Stack_React_Projects/client/node_modules/jest-circus/build/legacy-code-todo-rewrite/jestAdapter.js:82:19)\n    at runTestInternal (/Users/sergioabad/Desktop/PDFs_To_Check/Book_Full_Stack_React_Projects/Cursor_CH3_Full_Stack_React_Projects/client/node_modules/jest-runner/build/runTest.js:389:16)\n    at runTest (/Users/sergioabad/Desktop/PDFs_To_Check/Book_Full_Stack_React_Projects/Cursor_CH3_Full_Stack_React_Projects/client/node_modules/jest-runner/build/runTest.js:475:34)\n    at Object.worker (/Users/sergioabad/Desktop/PDFs_To_Check/Book_Full_Stack_React_Projects/Cursor_CH3_Full_Stack_React_Projects/client/node_modules/jest-runner/build/testWorker.js:133:12)"],"fullName":"Navbar Component Accessibility should have proper ARIA labels","location":null,"status":"failed","title":"should have proper ARIA labels"},{"ancestorTitles":["Navbar Component","Accessibility"],"failureMessages":[],"fullName":"Navbar Component Accessibility should have proper semantic structure","location":null,"status":"passed","title":"should have proper semantic structure"},{"ancestorTitles":["Navbar Component","Accessibility"],"failureMessages":["TestingLibraryElementError: Unable to find an accessible element with the role \"button\"\n\nHere are the accessible roles:\n\n  banner:\n\n  Name \"\":\n  \u001b[36m<header\u001b[39m\n    \u001b[33mclass\u001b[39m=\u001b[32m\"MuiPaper-root MuiPaper-elevation MuiPaper-elevation4 MuiAppBar-root MuiAppBar-colorPrimary MuiAppBar-positionStatic css-ptdwpq-MuiPaper-root-MuiAppBar-root\"\u001b[39m\n    \u001b[33mstyle\u001b[39m=\u001b[32m\"--Paper-shadow: 0px 2px 4px -1px rgba(0,0,0,0.2),0px 4px 5px 0px rgba(0,0,0,0.14),0px 1px 10px 0px rgba(0,0,0,0.12);\"\u001b[39m\n  \u001b[36m/>\u001b[39m\n\n  --------------------------------------------------\n  link:\n\n  Name \"MERN App\":\n  \u001b[36m<a\u001b[39m\n    \u001b[33mclass\u001b[39m=\u001b[32m\"MuiTypography-root MuiTypography-h6 css-78vawv-MuiTypography-root\"\u001b[39m\n    \u001b[33mhref\u001b[39m=\u001b[32m\"/\"\u001b[39m\n  \u001b[36m/>\u001b[39m\n\n  Name \"Login\":\n  \u001b[36m<a\u001b[39m\n    \u001b[33mclass\u001b[39m=\u001b[32m\"MuiButtonBase-root MuiButton-root MuiButton-text MuiButton-textInherit MuiButton-sizeMedium MuiButton-textSizeMedium MuiButton-colorInherit MuiButton-root MuiButton-text MuiButton-textInherit MuiButton-sizeMedium MuiButton-textSizeMedium MuiButton-colorInherit css-plnrbk-MuiButtonBase-root-MuiButton-root\"\u001b[39m\n    \u001b[33mhref\u001b[39m=\u001b[32m\"/login\"\u001b[39m\n    \u001b[33mtabindex\u001b[39m=\u001b[32m\"0\"\u001b[39m\n  \u001b[36m/>\u001b[39m\n\n  Name \"Register\":\n  \u001b[36m<a\u001b[39m\n    \u001b[33mclass\u001b[39m=\u001b[32m\"MuiButtonBase-root MuiButton-root MuiButton-text MuiButton-textInherit MuiButton-sizeMedium MuiButton-textSizeMedium MuiButton-colorInherit MuiButton-root MuiButton-text MuiButton-textInherit MuiButton-sizeMedium MuiButton-textSizeMedium MuiButton-colorInherit css-plnrbk-MuiButtonBase-root-MuiButton-root\"\u001b[39m\n    \u001b[33mhref\u001b[39m=\u001b[32m\"/register\"\u001b[39m\n    \u001b[33mtabindex\u001b[39m=\u001b[32m\"0\"\u001b[39m\n  \u001b[36m/>\u001b[39m\n\n  --------------------------------------------------\n\nIgnored nodes: comments, script, style\n\u001b[36m<body>\u001b[39m\n  \u001b[36m<div>\u001b[39m\n    \u001b[36m<header\u001b[39m\n      \u001b[33mclass\u001b[39m=\u001b[32m\"MuiPaper-root MuiPaper-elevation MuiPaper-elevation4 MuiAppBar-root MuiAppBar-colorPrimary MuiAppBar-positionStatic css-ptdwpq-MuiPaper-root-MuiAppBar-root\"\u001b[39m\n      \u001b[33mstyle\u001b[39m=\u001b[32m\"--Paper-shadow: 0px 2px 4px -1px rgba(0,0,0,0.2),0px 4px 5px 0px rgba(0,0,0,0.14),0px 1px 10px 0px rgba(0,0,0,0.12);\"\u001b[39m\n    \u001b[36m>\u001b[39m\n      \u001b[36m<div\u001b[39m\n        \u001b[33mclass\u001b[39m=\u001b[32m\"MuiToolbar-root MuiToolbar-gutters MuiToolbar-regular css-1ygil4i-MuiToolbar-root\"\u001b[39m\n      \u001b[36m>\u001b[39m\n        \u001b[36m<a\u001b[39m\n          \u001b[33mclass\u001b[39m=\u001b[32m\"MuiTypography-root MuiTypography-h6 css-78vawv-MuiTypography-root\"\u001b[39m\n          \u001b[33mhref\u001b[39m=\u001b[32m\"/\"\u001b[39m\n        \u001b[36m>\u001b[39m\n          \u001b[0mMERN App\u001b[0m\n        \u001b[36m</a>\u001b[39m\n        \u001b[36m<a\u001b[39m\n          \u001b[33mclass\u001b[39m=\u001b[32m\"MuiButtonBase-root MuiButton-root MuiButton-text MuiButton-textInherit MuiButton-sizeMedium MuiButton-textSizeMedium MuiButton-colorInherit MuiButton-root MuiButton-text MuiButton-textInherit MuiButton-sizeMedium MuiButton-textSizeMedium MuiButton-colorInherit css-plnrbk-MuiButtonBase-root-MuiButton-root\"\u001b[39m\n          \u001b[33mhref\u001b[39m=\u001b[32m\"/login\"\u001b[39m\n          \u001b[33mtabindex\u001b[39m=\u001b[32m\"0\"\u001b[39m\n        \u001b[36m>\u001b[39m\n          \u001b[36m<span\u001b[39m\n            \u001b[33mclass\u001b[39m=\u001b[32m\"MuiButton-icon MuiButton-startIcon MuiButton-iconSizeMedium css-1sh91j5-MuiButton-startIcon\"\u001b[39m\n          \u001b[36m>\u001b[39m\n            \u001b[36m<svg\u001b[39m\n              \u001b[33maria-hidden\u001b[39m=\u001b[32m\"true\"\u001b[39m\n              \u001b[33mclass\u001b[39m=\u001b[32m\"MuiSvgIcon-root MuiSvgIcon-fontSizeMedium css-1umw9bq-MuiSvgIcon-root\"\u001b[39m\n              \u001b[33mdata-testid\u001b[39m=\u001b[32m\"LoginIcon\"\u001b[39m\n              \u001b[33mfocusable\u001b[39m=\u001b[32m\"false\"\u001b[39m\n              \u001b[33mviewBox\u001b[39m=\u001b[32m\"0 0 24 24\"\u001b[39m\n            \u001b[36m>\u001b[39m\n              \u001b[36m<path\u001b[39m\n                \u001b[33md\u001b[39m=\u001b[32m\"M11 7 9.6 8.4l2.6 2.6H2v2h10.2l-2.6 2.6L11 17l5-5zm9 12h-8v2h8c1.1 0 2-.9 2-2V5c0-1.1-.9-2-2-2h-8v2h8z\"\u001b[39m\n              \u001b[36m/>\u001b[39m\n            \u001b[36m</svg>\u001b[39m\n          \u001b[36m</span>\u001b[39m\n          \u001b[0mLogin\u001b[0m\n        \u001b[36m</a>\u001b[39m\n        \u001b[36m<a\u001b[39m\n          \u001b[33mclass\u001b[39m=\u001b[32m\"MuiButtonBase-root MuiButton-root MuiButton-text MuiButton-textInherit MuiButton-sizeMedium MuiButton-textSizeMedium MuiButton-colorInherit MuiButton-root MuiButton-text MuiButton-textInherit MuiButton-sizeMedium MuiButton-textSizeMedium MuiButton-colorInherit css-plnrbk-MuiButtonBase-root-MuiButton-root\"\u001b[39m\n          \u001b[33mhref\u001b[39m=\u001b[32m\"/register\"\u001b[39m\n          \u001b[33mtabindex\u001b[39m=\u001b[32m\"0\"\u001b[39m\n        \u001b[36m>\u001b[39m\n          \u001b[36m<span\u001b[39m\n            \u001b[33mclass\u001b[39m=\u001b[32m\"MuiButton-icon MuiButton-startIcon MuiButton-iconSizeMedium css-1sh91j5-MuiButton-startIcon\"\u001b[39m\n          \u001b[36m>\u001b[39m\n            \u001b[36m<svg\u001b[39m\n              \u001b[33maria-hidden\u001b[39m=\u001b[32m\"true\"\u001b[39m\n              \u001b[33mclass\u001b[39m=\u001b[32m\"MuiSvgIcon-root MuiSvgIcon-fontSizeMedium css-1umw9bq-MuiSvgIcon-root\"\u001b[39m\n              \u001b[33mdata-testid\u001b[39m=\u001b[32m\"PersonAddIcon\"\u001b[39m\n              \u001b[33mfocusable\u001b[39m=\u001b[32m\"false\"\u001b[39m\n              \u001b[33mviewBox\u001b[39m=\u001b[32m\"0 0 24 24\"\u001b[39m\n            \u001b[36m>\u001b[39m\n              \u001b[36m<path\u001b[39m\n                \u001b[33md\u001b[39m=\u001b[32m\"M15 12c2.21 0 4-1.79 4-4s-1.79-4-4-4-4 1.79-4 4 1.79 4 4 4m-9-2V7H4v3H1v2h3v3h2v-3h3v-2zm9 4c-2.67 0-8 1.34-8 4v2h16v-2c0-2.66-5.33-4-8-4\"\u001b[39m\n              \u001b[36m/>\u001b[39m\n            \u001b[36m</svg>\u001b[39m\n          \u001b[36m</span>\u001b[39m\n          \u001b[0mRegister\u001b[0m\n        \u001b[36m</a>\u001b[39m\n      \u001b[36m</div>\u001b[39m\n    \u001b[36m</header>\u001b[39m\n  \u001b[36m</div>\u001b[39m\n\u001b[36m</body>\u001b[39m\n    at Object.getElementError (/Users/sergioabad/Desktop/PDFs_To_Check/Book_Full_Stack_React_Projects/Cursor_CH3_Full_Stack_React_Projects/client/node_modules/@testing-library/dom/dist/config.js:37:19)\n    at /Users/sergioabad/Desktop/PDFs_To_Check/Book_Full_Stack_React_Projects/Cursor_CH3_Full_Stack_React_Projects/client/node_modules/@testing-library/dom/dist/query-helpers.js:76:38\n    at getAllByRole (/Users/sergioabad/Desktop/PDFs_To_Check/Book_Full_Stack_React_Projects/Cursor_CH3_Full_Stack_React_Projects/client/node_modules/@testing-library/dom/dist/query-helpers.js:109:15)\n    at Object.<anonymous> (/Users/sergioabad/Desktop/PDFs_To_Check/Book_Full_Stack_React_Projects/Cursor_CH3_Full_Stack_React_Projects/client/src/components/layout/Navbar.test.js:224:36)\n    at Promise.then.completed (/Users/sergioabad/Desktop/PDFs_To_Check/Book_Full_Stack_React_Projects/Cursor_CH3_Full_Stack_React_Projects/client/node_modules/jest-circus/build/utils.js:391:28)\n    at new Promise (<anonymous>)\n    at callAsyncCircusFn (/Users/sergioabad/Desktop/PDFs_To_Check/Book_Full_Stack_React_Projects/Cursor_CH3_Full_Stack_React_Projects/client/node_modules/jest-circus/build/utils.js:316:10)\n    at _callCircusTest (/Users/sergioabad/Desktop/PDFs_To_Check/Book_Full_Stack_React_Projects/Cursor_CH3_Full_Stack_React_Projects/client/node_modules/jest-circus/build/run.js:218:40)\n    at processTicksAndRejections (node:internal/process/task_queues:105:5)\n    at _runTest (/Users/sergioabad/Desktop/PDFs_To_Check/Book_Full_Stack_React_Projects/Cursor_CH3_Full_Stack_React_Projects/client/node_modules/jest-circus/build/run.js:155:3)\n    at _runTestsForDescribeBlock (/Users/sergioabad/Desktop/PDFs_To_Check/Book_Full_Stack_React_Projects/Cursor_CH3_Full_Stack_React_Projects/client/node_modules/jest-circus/build/run.js:66:9)\n    at _runTestsForDescribeBlock (/Users/sergioabad/Desktop/PDFs_To_Check/Book_Full_Stack_React_Projects/Cursor_CH3_Full_Stack_React_Projects/client/node_modules/jest-circus/build/run.js:60:9)\n    at _runTestsForDescribeBlock (/Users/sergioabad/Desktop/PDFs_To_Check/Book_Full_Stack_React_Projects/Cursor_CH3_Full_Stack_React_Projects/client/node_modules/jest-circus/build/run.js:60:9)\n    at run (/Users/sergioabad/Desktop/PDFs_To_Check/Book_Full_Stack_React_Projects/Cursor_CH3_Full_Stack_React_Projects/client/node_modules/jest-circus/build/run.js:25:3)\n    at runAndTransformResultsToJestFormat (/Users/sergioabad/Desktop/PDFs_To_Check/Book_Full_Stack_React_Projects/Cursor_CH3_Full_Stack_React_Projects/client/node_modules/jest-circus/build/legacy-code-todo-rewrite/jestAdapterInit.js:170:21)\n    at jestAdapter (/Users/sergioabad/Desktop/PDFs_To_Check/Book_Full_Stack_React_Projects/Cursor_CH3_Full_Stack_React_Projects/client/node_modules/jest-circus/build/legacy-code-todo-rewrite/jestAdapter.js:82:19)\n    at runTestInternal (/Users/sergioabad/Desktop/PDFs_To_Check/Book_Full_Stack_React_Projects/Cursor_CH3_Full_Stack_React_Projects/client/node_modules/jest-runner/build/runTest.js:389:16)\n    at runTest (/Users/sergioabad/Desktop/PDFs_To_Check/Book_Full_Stack_React_Projects/Cursor_CH3_Full_Stack_React_Projects/client/node_modules/jest-runner/build/runTest.js:475:34)\n    at Object.worker (/Users/sergioabad/Desktop/PDFs_To_Check/Book_Full_Stack_React_Projects/Cursor_CH3_Full_Stack_React_Projects/client/node_modules/jest-runner/build/testWorker.js:133:12)"],"fullName":"Navbar Component Accessibility should have proper keyboard navigation","location":null,"status":"failed","title":"should have proper keyboard navigation"},{"ancestorTitles":["Navbar Component","Component Structure"],"failureMessages":[],"fullName":"Navbar Component Component Structure should have proper Material-UI components","location":null,"status":"passed","title":"should have proper Material-UI components"},{"ancestorTitles":["Navbar Component","Component Structure"],"failureMessages":["TestingLibraryElementError: Unable to find an accessible element with the role \"toolbar\"\n\nHere are the accessible roles:\n\n  banner:\n\n  Name \"\":\n  \u001b[36m<header\u001b[39m\n    \u001b[33mclass\u001b[39m=\u001b[32m\"MuiPaper-root MuiPaper-elevation MuiPaper-elevation4 MuiAppBar-root MuiAppBar-colorPrimary MuiAppBar-positionStatic css-ptdwpq-MuiPaper-root-MuiAppBar-root\"\u001b[39m\n    \u001b[33mstyle\u001b[39m=\u001b[32m\"--Paper-shadow: 0px 2px 4px -1px rgba(0,0,0,0.2),0px 4px 5px 0px rgba(0,0,0,0.14),0px 1px 10px 0px rgba(0,0,0,0.12);\"\u001b[39m\n  \u001b[36m/>\u001b[39m\n\n  --------------------------------------------------\n  link:\n\n  Name \"MERN App\":\n  \u001b[36m<a\u001b[39m\n    \u001b[33mclass\u001b[39m=\u001b[32m\"MuiTypography-root MuiTypography-h6 css-78vawv-MuiTypography-root\"\u001b[39m\n    \u001b[33mhref\u001b[39m=\u001b[32m\"/\"\u001b[39m\n  \u001b[36m/>\u001b[39m\n\n  Name \"Login\":\n  \u001b[36m<a\u001b[39m\n    \u001b[33mclass\u001b[39m=\u001b[32m\"MuiButtonBase-root MuiButton-root MuiButton-text MuiButton-textInherit MuiButton-sizeMedium MuiButton-textSizeMedium MuiButton-colorInherit MuiButton-root MuiButton-text MuiButton-textInherit MuiButton-sizeMedium MuiButton-textSizeMedium MuiButton-colorInherit css-plnrbk-MuiButtonBase-root-MuiButton-root\"\u001b[39m\n    \u001b[33mhref\u001b[39m=\u001b[32m\"/login\"\u001b[39m\n    \u001b[3
[...]
"fullName":"Home Component Authenticated User View should display quick actions","location":null,"status":"passed","title":"should display quick actions"},{"ancestorTitles":["Home Component","Authenticated User View"],"failureMessages":[],"fullName":"Home Component Authenticated User View should have proper navigation links for authenticated user","location":null,"status":"passed","title":"should have proper navigation links for authenticated user"},{"ancestorTitles":["Home Component","Authenticated User View"],"failureMessages":[],"fullName":"Home Component Authenticated User View should display application features","location":null,"status":"passed","title":"should display application features"},{"ancestorTitles":["Home Component","Admin User View"],"failureMessages":[],"fullName":"Home Component Admin User View should display admin-specific quick actions","location":null,"status":"passed","title":"should display admin-specific quick actions"},{"ancestorTitles":["Home Component","Admin User View"],"failureMessages":[],"fullName":"Home Component Admin User View should have proper navigation links for admin","location":null,"status":"passed","title":"should have proper navigation links for admin"},{"ancestorTitles":["Home Component","Component Structure"],"failureMessages":[],"fullName":"Home Component Component Structure should have proper container structure","location":null,"status":"passed","title":"should have proper container structure"},{"ancestorTitles":["Home Component","Component Structure"],"failureMessages":[],"fullName":"Home Component Component Structure should have proper heading hierarchy","location":null,"status":"passed","title":"should have proper heading hierarchy"},{"ancestorTitles":["Home Component","Component Structure"],"failureMessages":[],"fullName":"Home Component Component Structure should have proper button styling","location":null,"status":"passed","title":"should have proper button styling"},{"ancestorTitles":["Home Component","Responsive Design"],"failureMessages":[],"fullName":"Home Component Responsive Design should render on different screen sizes","location":null,"status":"passed","title":"should render on different screen sizes"},{"ancestorTitles":["Home Component","Accessibility"],"failureMessages":[],"fullName":"Home Component Accessibility should have proper semantic structure","location":null,"status":"passed","title":"should have proper semantic structure"},{"ancestorTitles":["Home Component","Accessibility"],"failureMessages":[],"fullName":"Home Component Accessibility should have proper link attributes","location":null,"status":"passed","title":"should have proper link attributes"}],"endTime":1750979790981,"message":"","name":"/Users/sergioabad/Desktop/PDFs_To_Check/Book_Full_Stack_React_Projects/Cursor_CH3_Full_Stack_React_Projects/client/src/components/pages/Home.test.js","startTime":1750979779993,"status":"passed","summary":""},{"assertionResults":[{"ancestorTitles":["Profile Component","Rendering"],"failureMessages":[],"fullName":"Profile Component Rendering should render profile page title","location":null,"status":"passed","title":"should render profile page title"},{"ancestorTitles":["Profile Component","Rendering"],"failureMessages":[],"fullName":"Profile Component Rendering should display user information when authenticated","location":null,"status":"passed","title":"should display user information when authenticated"},{"ancestorTitles":["Profile Component","Rendering"],"failureMessages":[],"fullName":"Profile Component Rendering should display loading spinner while fetching user data","location":null,"status":"passed","title":"should display loading spinner while fetching user data"},{"ancestorTitles":["Profile Component","Rendering"],"failureMessages":[],"fullName":"Profile Component Rendering should display user avatar","location":null,"status":"passed","title":"should display user avatar"},{"ancestorTitles":["Profile Component","Rendering"],"failureMessages":[],"fullName":"Profile Component Rendering should display default avatar when no avatar is provided","location":null,"status":"passed","title":"should display default avatar when no avatar is provided"},{"ancestorTitles":["Profile Component","User Information Display"],"failureMessages":[],"fullName":"Profile Component User Information Display should display user full name","location":null,"status":"passed","title":"should display user full name"},{"ancestorTitles":["Profile Component","User Information Display"],"failureMessages":[],"fullName":"Profile Component User Information Display should display username with @ symbol","location":null,"status":"passed","title":"should display username with @ symbol"},{"ancestorTitles":["Profile Component","User Information Display"],"failureMessages":[],"fullName":"Profile Component User Information Display should display user email","location":null,"status":"passed","title":"should display user email"},{"ancestorTitles":["Profile Component","User Information Display"],"failureMessages":[],"fullName":"Profile Component User Information Display should display user role","location":null,"status":"passed","title":"should display user role"},{"ancestorTitles":["Profile Component","User Information Display"],"failureMessages":[],"fullName":"Profile Component User Information Display should display user bio","location":null,"status":"passed","title":"should display user bio"},{"ancestorTitles":["Profile Component","User Information Display"],"failureMessages":[],"fullName":"Profile Component User Information Display should display \"No bio added yet\" when bio is empty","location":null,"status":"passed","title":"should display \"No bio added yet\" when bio is empty"},{"ancestorTitles":["Profile Component","User Information Display"],"failureMessages":[],"fullName":"Profile Component User Information Display should display account status","location":null,"status":"passed","title":"should display account status"},{"ancestorTitles":["Profile Component","User Information Display"],"failureMessages":[],"fullName":"Profile Component User Information Display should display member since date","location":null,"status":"passed","title":"should display member since date"},{"ancestorTitles":["Profile Component","Action Buttons"],"failureMessages":[],"fullName":"Profile Component Action Buttons should display edit profile button","location":null,"status":"passed","title":"should display edit profile button"},{"ancestorTitles":["Profile Component","Action Buttons"],"failureMessages":[],"fullName":"Profile Component Action Buttons should navigate to edit profile page when edit button is clicked","location":null,"status":"passed","title":"should navigate to edit profile page when edit button is clicked"},{"ancestorTitles":["Profile Component","Action Buttons"],"failureMessages":[],"fullName":"Profile Component Action Buttons should display back to home button","location":null,"status":"passed","title":"should display back to home button"},{"ancestorTitles":["Profile Component","Admin User Display"],"failureMessages":[],"fullName":"Profile Component Admin User Display should display admin role for admin users","location":null,"status":"passed","title":"should display admin role for admin users"},{"ancestorTitles":["Profile Component","Admin User Display"],"failureMessages":[],"fullName":"Profile Component Admin User Display should display admin-specific styling","location":null,"status":"passed","title":"should display admin-specific styling"},{"ancestorTitles":["Profile Component","Error Handling"],"failureMessages":[],"fullName":"Profile Component Error Handling should display error message when API call fails","location":null,"status":"passed","title":"should display error message when API call fails"},{"ancestorTitles":["Profile Component","Error Handling"],"failureMessages":[],"fullName":"Profile Component Error Handling should display error message when user is not found","location":null,"status":"passed","title":"should display error message when user is not found"},{"ancestorTitles":["Profile Component","Component Structure"],"failureMessages":[],"fullName":"Profile Component Component Structure should have proper card structure","location":null,"status":"passed","title":"should have proper card structure"},{"ancestorTitles":["Profile Component","Component Structure"],"failureMessages":[],"fullName":"Profile Component Component Structure should have proper grid layout","location":null,"status":"passed","title":"should have proper grid layout"},{"ancestorTitles":["Profile Component","Component Structure"],"failureMessages":[],"fullName":"Profile Component Component Structure should have proper spacing between elements","location":null,"status":"passed","title":"should have proper spacing between elements"},{"ancestorTitles":["Profile Component","Accessibility"],"failureMessages":[],"fullName":"Profile Component Accessibility should have proper heading structure","location":null,"status":"passed","title":"should have proper heading structure"},{"ancestorTitles":["Profile Component","Accessibility"],"failureMessages":[],"fullName":"Profile Component Accessibility should have proper button labels","location":null,"status":"passed","title":"should have proper button labels"},{"ancestorTitles":["Profile Component","Accessibility"],"failureMessages":[],"fullName":"Profile Component Accessibility should have proper image alt text","location":null,"status":"passed","title":"should have proper image alt text"},{"ancestorTitles":["Profile Component","Responsive Design"],"failureMessages":[],"fullName":"Profile Component Responsive Design should render on mobile devices","location":null,"status":"passed","title":"should render on mobile devices"},{"ancestorTitles":["Profile Component","Responsive Design"],"failureMessages":[],"fullName":"Profile Component Responsive Design should maintain layout on different screen sizes","location":null,"status":"passed","title":"should maintain layout on different screen sizes"}],"endTime":1750979791026,"message":"","name":"/Users/sergioabad/Desktop/PDFs_To_Check/Book_Full_Stack_React_Projects/Cursor_CH3_Full_Stack_React_Projects/client/src/components/user/Profile.test.js","startTime":1750979779993,"status":"passed","summary":""},{"assertionResults":[{"ancestorTitles":["Login Component","Rendering"],"failureMessages":[],"fullName":"Login Component Rendering should render login form with all required elements","location":null,"status":"passed","title":"should render login form with all required elements"},{"ancestorTitles":["Login Component","Rendering"],"failureMessages":[],"fullName":"Login Component Rendering should have proper form attributes","location":null,"status":"passed","title":"should have proper form attributes"},{"ancestorTitles":["Login Component","Form Validation"],"failureMessages":[],"fullName":"Login Component Form Validation should show error for empty email","location":null,"status":"passed","title":"should show error for empty email"},{"ancestorTitles":["Login Component","Form Validation"],"failureMessages":[],"fullName":"Login Component Form Validation should show error for invalid email format","location":null,"status":"passed","title":"should show error for invalid email format"},{"ancestorTitles":["Login Component","Form Validation"],"failureMessages":[],"fullName":"Login Component Form Validation should show error for empty password","location":null,"status":"passed","title":"should show error for empty password"},{"ancestorTitles":["Login Component","Form Validation"],"failureMessages":[],"fullName":"Login Component Form Validation should show error for short password","location":null,"status":"passed","title":"should show error for short password"},{"ancestorTitles":["Login Component","Form Validation"],"failureMessages":[],"fullName":"Login Component Form Validation should clear errors when user starts typing","location":null,"status":"passed","title":"should clear errors when user starts typing"},{"ancestorTitles":["Login Component","Form Submission"],"failureMessages":[],"fullName":"Login Component Form Submission should handle successful login","location":null,"status":"passed","title":"should handle successful login"},{"ancestorTitles":["Login Component","Form Submission"],"failureMessages":[],"fullName":"Login Component Form Submission should show loading state during submission","location":null,"status":"passed","title":"should show loading state during submission"},{"ancestorTitles":["Login Component","Form Submission"],"failureMessages":[],"fullName":"Login Component Form Submission should disable form inputs during submission","location":null,"status":"passed","title":"should disable form inputs during submission"},{"ancestorTitles":["Login Component","Navigation"],"failureMessages":[],"fullName":"Login Component Navigation should have link to register page","location":null,"status":"passed","title":"should have link to register page"},{"ancestorTitles":["Login Component","Navigation"],"failureMessages":[],"fullName":"Login Component Navigation should redirect authenticated users to home","location":null,"status":"passed","title":"should redirect authenticated users to home"},{"ancestorTitles":["Login Component","Error Handling"],"failureMessages":[],"fullName":"Login Component Error Handling should display authentication errors from context","location":null,"status":"passed","title":"should display authentication errors from context"},{"ancestorTitles":["Login Component","Error Handling"],"failureMessages":[],"fullName":"Login Component Error Handling should clear errors when component unmounts","location":null,"status":"passed","title":"should clear errors when component unmounts"},{"ancestorTitles":["Login Component","Accessibility"],"failureMessages":[],"fullName":"Login Component Accessibility should have proper ARIA labels","location":null,"status":"passed","title":"should have proper ARIA labels"},{"ancestorTitles":["Login Component","Accessibility"],"failureMessages":[],"fullName":"Login Component Accessibility should have proper form structure","location":null,"status":"passed","title":"should have proper form structure"},{"ancestorTitles":["Login Component","Accessibility"],"failureMessages":[],"fullName":"Login Component Accessibility should have proper button types","location":null,"status":"passed","title":"should have proper button types"}],"endTime":1750979792819,"message":"","name":"/Users/sergioabad/Desktop/PDFs_To_Check/Book_Full_Stack_React_Projects/Cursor_CH3_Full_Stack_React_Projects/client/src/components/auth/Login.test.js","startTime":1750979779993,"status":"passed","summary":""},{"assertionResults":[{"ancestorTitles":["Register Component","Rendering"],"failureMessages":[],"fullName":"Register Component Rendering should render registration form with all required elements","location":null,"status":"passed","title":"should render registration form with all required elements"},{"ancestorTitles":["Register Component","Rendering"],"failureMessages":[],"fullName":"Register Component Rendering should have proper form attributes","location":null,"status":"passed","title":"should have proper form attributes"},{"ancestorTitles":["Register Component","Form Validation"],"failureMessages":[],"fullName":"Register Component Form Validation should show error for empty first name","location":null,"status":"passed","title":"should show error for empty first name"},{"ancestorTitles":["Register Component","Form Validation"],"failureMessages":[],"fullName":"Register Component Form Validation should show error for empty last name","location":null,"status":"passed","title":"should show error for empty last name"},{"ancestorTitles":["Register Component","Form Validation"],"failureMessages":[],"fullName":"Register Component Form Validation should show error for empty username","location":null,"status":"passed","title":"should show error for empty username"},{"ancestorTitles":["Register Component","Form Validation"],"failureMessages":[],"fullName":"Register Component Form Validation should show error for short username","location":null,"status":"passed","title":"should show error for short username"},{"ancestorTitles":["Register Component","Form Validation"],"failureMessages":[],"fullName":"Register Component Form Validation should show error for invalid username characters","location":null,"status":"passed","title":"should show error for invalid username characters"},{"ancestorTitles":["Register Component","Form Validation"],"failureMessages":[],"fullName":"Register Component Form Validation should show error for invalid email format","location":null,"status":"passed","title":"should show error for invalid email format"},{"ancestorTitles":["Register Component","Form Validation"],"failureMessages":[],"fullName":"Register Component Form Validation should show error for short password","location":null,"status":"passed","title":"should show error for short password"},{"ancestorTitles":["Register Component","Form Validation"],"failureMessages":[],"fullName":"Register Component Form Validation should show error for mismatched passwords","location":null,"status":"passed","title":"should show error for mismatched passwords"},{"ancestorTitles":["Register Component","Form Validation"],"failureMessages":[],"fullName":"Register Component Form Validation should show error for empty confirm password","location":null,"status":"passed","title":"should show error for empty confirm password"},{"ancestorTitles":["Register Component","Form Validation"],"failureMessages":[],"fullName":"Register Component Form Validation should clear errors when user starts typing","location":null,"status":"passed","title":"should clear errors when user starts typing"},{"ancestorTitles":["Register Component","Form Submission"],"failureMessages":[],"fullName":"Register Component Form Submission should handle successful registration","location":null,"status":"passed","title":"should handle successful registration"},{"ancestorTitles":["Register Component","Form Submission"],"failureMessages":[],"fullName":"Register Component Form Submission should show loading state during submission","location":null,"status":"passed","title":"should show loading state during submission"},{"ancestorTitles":["Register Component","Form Submission"],"failureMessages":[],"fullName":"Register Component Form Submission should disable form inputs during submission","location":null,"status":"passed","title":"should disable form inputs during submission"},{"ancestorTitles":["Register Component","Navigation"],"failureMessages":[],"fullName":"Register Component Navigation should have link to login page","location":null,"status":"passed","title":"should have link to login page"},{"ancestorTitles":["Register Component","Navigation"],"failureMessages":[],"fullName":"Register Component Navigation should redirect authenticated users to home","location":null,"status":"passed","title":"should redirect authenticated users to home"},{"ancestorTitles":["Register Component","Accessibility"],"failureMessages":[],"fullName":"Register Component Accessibility should have proper ARIA labels","location":null,"status":"passed","title":"should have proper ARIA labels"},{"ancestorTitles":["Register Component","Accessibility"],"failureMessages":[],"fullName":"Register Component Accessibility should have proper form structure","location":null,"status":"passed","title":"should have proper form structure"},{"ancestorTitles":["Register Component","Accessibility"],"failureMessages":[],"fullName":"Register Component Accessibility should have proper button types","location":null,"status":"passed","title":"should have proper button types"}],"endTime":1750979796424,"message":"","name":"/Users/sergioabad/Desktop/PDFs_To_Check/Book_Full_Stack_React_Projects/Cursor_CH3_Full_Stack_React_Projects/client/src/components/auth/Register.test.js","startTime":1750979779993,"status":"passed","summary":""}],"wasInterrupted":false}